[0.073s] Invoking command in '/media/psf/Developer/Robotics/char-01/build/ros2_pkg': CMAKE_PREFIX_PATH=${CMAKE_PREFIX_PATH}:/opt/ros/humble CONDA_PROMPT_MODIFIER=(base) /usr/bin/cmake --build /media/psf/Developer/Robotics/char-01/build/ros2_pkg -- -j2 -l2
[0.161s] -- Found ament_cmake: 1.3.6 (/opt/ros/humble/share/ament_cmake/cmake)
[0.275s] -- Override CMake install command with custom implementation using symlinks instead of copying resources
[0.293s] -- Found rclcpp: 16.0.7 (/opt/ros/humble/share/rclcpp/cmake)
[0.335s] -- Found rosidl_generator_c: 3.1.5 (/opt/ros/humble/share/rosidl_generator_c/cmake)
[0.338s] -- Found rosidl_adapter: 3.1.5 (/opt/ros/humble/share/rosidl_adapter/cmake)
[0.343s] -- Found rosidl_generator_cpp: 3.1.5 (/opt/ros/humble/share/rosidl_generator_cpp/cmake)
[0.353s] -- Using all available rosidl_typesupport_c: rosidl_typesupport_fastrtps_c;rosidl_typesupport_introspection_c
[0.367s] -- Using all available rosidl_typesupport_cpp: rosidl_typesupport_fastrtps_cpp;rosidl_typesupport_introspection_cpp
[0.421s] -- Found rmw_implementation_cmake: 6.1.1 (/opt/ros/humble/share/rmw_implementation_cmake/cmake)
[0.423s] -- Found rmw_fastrtps_cpp: 6.2.5 (/opt/ros/humble/share/rmw_fastrtps_cpp/cmake)
[0.568s] -- Using RMW implementation 'rmw_fastrtps_cpp' as default
[0.696s] -- Found rosidl_default_generators: 1.2.0 (/opt/ros/humble/share/rosidl_default_generators/cmake)
[0.704s] -- Found sensor_msgs: 4.2.3 (/opt/ros/humble/share/sensor_msgs/cmake)
[0.812s] -- Found cv_bridge: 3.2.1 (/opt/ros/humble/share/cv_bridge/cmake)
[0.819s] -- Found action_msgs: 1.2.1 (/opt/ros/humble/share/action_msgs/cmake)
[0.867s] -- Found rclcpp_action: 16.0.7 (/opt/ros/humble/share/rclcpp_action/cmake)
[1.182s] -- Found ament_cmake_cppcheck: 0.12.9 (/opt/ros/humble/share/ament_cmake_cppcheck/cmake)
[1.183s] -- Found ament_cmake_cpplint: 0.12.9 (/opt/ros/humble/share/ament_cmake_cpplint/cmake)
[1.184s] -- Found ament_cmake_uncrustify: 0.12.9 (/opt/ros/humble/share/ament_cmake_uncrustify/cmake)
[1.185s] -- Found ament_cmake_ros: 0.10.0 (/opt/ros/humble/share/ament_cmake_ros/cmake)
[1.774s] -- Using all available rosidl_typesupport_c: rosidl_typesupport_fastrtps_c;rosidl_typesupport_introspection_c
[1.985s] -- Using all available rosidl_typesupport_cpp: rosidl_typesupport_fastrtps_cpp;rosidl_typesupport_introspection_cpp
[2.005s] -- Found python_cmake_module: 0.10.0 (/opt/ros/humble/share/python_cmake_module/cmake)
[2.022s] -- Using PYTHON_EXECUTABLE: /usr/bin/python3
[2.023s] -- Using PYTHON_INCLUDE_DIRS: /usr/include/python3.10
[2.023s] -- Using PYTHON_LIBRARIES: /usr/lib/aarch64-linux-gnu/libpython3.10.so
[2.112s] -- Found ament_cmake_flake8: 0.12.9 (/opt/ros/humble/share/ament_cmake_flake8/cmake)
[2.113s] -- Found ament_cmake_pep257: 0.12.9 (/opt/ros/humble/share/ament_cmake_pep257/cmake)
[2.131s] -- Found ament_lint_auto: 0.12.9 (/opt/ros/humble/share/ament_lint_auto/cmake)
[2.871s] -- Added test 'cppcheck' to perform static code analysis on C / C++ code
[2.871s] -- Configured cppcheck include dirs: 
[2.872s] -- Configured cppcheck exclude dirs and/or files: 
[3.606s] -- Added test 'cpplint' to check C / C++ code against the Google style
[3.607s] -- Configured cpplint exclude dirs and/or files: 
[4.384s] -- Added test 'uncrustify' to check C / C++ code style
[4.384s] -- Configured uncrustify additional arguments: 
[4.471s] -- Added test 'flake8' to check Python code syntax and style conventions
[4.566s] -- Added test 'pep257' to check Python code against some of the docstring style conventions in PEP 257
[4.566s] -- Added test 'copyright' to check source files copyright and LICENSE
[4.733s] -- Added test 'lint_cmake' to check CMake code style
[4.817s] -- Added test 'xmllint' to check XML markup files
[4.831s] -- Configuring done
[5.273s] -- Generating done
[5.307s] -- Build files have been written to: /media/psf/Developer/Robotics/char-01/build/ros2_pkg
[5.364s] [35m[1mConsolidate compiler generated dependencies of target ros2_pkg__rosidl_generator_c[0m
[5.384s] [  1%] Built target ros2_pkg__cpp
[5.399s] [  8%] Built target ros2_pkg__rosidl_generator_c
[5.420s] [35m[1mConsolidate compiler generated dependencies of target publisher[0m
[5.465s] [  8%] Built target ament_cmake_python_symlink_ros2_pkg
[5.496s] [35m[1mConsolidate compiler generated dependencies of target subscriber[0m
[5.583s] [ 11%] Built target publisher
[5.610s] [35m[1mConsolidate compiler generated dependencies of target rpm_pub[0m
[5.624s] [ 14%] Built target subscriber
[5.654s] [35m[1mConsolidate compiler generated dependencies of target speed_calc[0m
[5.698s] [ 16%] Built target rpm_pub
[5.727s] [35m[1mConsolidate compiler generated dependencies of target ros2_pkg__rosidl_typesupport_cpp[0m
[5.769s] [ 19%] Built target speed_calc
[5.795s] [ 26%] Built target ros2_pkg__rosidl_typesupport_cpp
[5.796s] [35m[1mConsolidate compiler generated dependencies of target ros2_pkg__rosidl_typesupport_fastrtps_c[0m
[5.830s] [35m[1mConsolidate compiler generated dependencies of target ros2_pkg__rosidl_typesupport_fastrtps_cpp[0m
[5.888s] [ 33%] Built target ros2_pkg__rosidl_typesupport_fastrtps_c
[5.920s] [35m[1mConsolidate compiler generated dependencies of target ros2_pkg__rosidl_typesupport_introspection_c[0m
[5.922s] [ 40%] Built target ros2_pkg__rosidl_typesupport_fastrtps_cpp
[5.953s] [35m[1mConsolidate compiler generated dependencies of target ros2_pkg__rosidl_typesupport_c[0m
[5.965s] [ 47%] Built target ros2_pkg__rosidl_typesupport_introspection_c
[5.990s] [ 54%] Built target ros2_pkg__rosidl_typesupport_c
[5.997s] [35m[1mConsolidate compiler generated dependencies of target ros2_pkg__rosidl_typesupport_introspection_cpp[0m
[6.094s] [ 61%] Built target ros2_pkg__rosidl_typesupport_introspection_cpp
[6.115s] [35m[1mConsolidate compiler generated dependencies of target service_server[0m
[6.209s] running egg_info
[6.210s] writing ros2_pkg.egg-info/PKG-INFO
[6.211s] writing dependency_links to ros2_pkg.egg-info/dependency_links.txt
[6.212s] writing top-level names to ros2_pkg.egg-info/top_level.txt
[6.216s] reading manifest file 'ros2_pkg.egg-info/SOURCES.txt'
[6.218s] writing manifest file 'ros2_pkg.egg-info/SOURCES.txt'
[6.237s] [ 64%] Built target service_server
[6.246s] [ 64%] Built target ament_cmake_python_build_ros2_pkg_egg
[6.263s] [35m[1mConsolidate compiler generated dependencies of target service_client[0m
[6.280s] [35m[1mConsolidate compiler generated dependencies of target turn_camera_service[0m
[6.397s] [ 67%] Built target service_client
[6.412s] [ 70%] Built target turn_camera_service
[6.425s] [35m[1mConsolidate compiler generated dependencies of target turn_camera_client[0m
[6.437s] [35m[1mConsolidate compiler generated dependencies of target action_server[0m
[6.540s] [ 73%] Built target turn_camera_client
[6.567s] [35m[1mConsolidate compiler generated dependencies of target action_client[0m
[6.572s] [ 76%] Built target action_server
[6.599s] [35m[1mConsolidate compiler generated dependencies of target lidar_node[0m
[6.671s] [ 78%] Built target action_client
[6.712s] [ 80%] [32mBuilding CXX object CMakeFiles/lidar_node.dir/sensors/lidar_node.cc.o[0m
[6.728s] [ 81%] [32mBuilding CXX object CMakeFiles/control.dir/src/control.cpp.o[0m
[6.750s] [01m[K/media/psf/Developer/Robotics/char-01/ros2_pkg/src/control.cpp:5:10:[m[K [01;31m[Kfatal error: [m[Kros/ros.h: No such file or directory
[6.750s]     5 | #include [01;31m[K<ros/ros.h>[m[K
[6.750s]       |          [01;31m[K^~~~~~~~~~~[m[K
[6.753s] compilation terminated.
[6.755s] gmake[2]: *** [CMakeFiles/control.dir/build.make:76: CMakeFiles/control.dir/src/control.cpp.o] Error 1
[6.755s] gmake[1]: *** [CMakeFiles/Makefile2:908: CMakeFiles/control.dir/all] Error 2
[6.755s] gmake[1]: *** Waiting for unfinished jobs....
[11.765s] [ 83%] [32m[1mLinking CXX executable lidar_node[0m
[12.276s] [ 83%] Built target lidar_node
[12.278s] gmake: *** [Makefile:146: all] Error 2
[12.281s] Invoked command in '/media/psf/Developer/Robotics/char-01/build/ros2_pkg' returned '2': CMAKE_PREFIX_PATH=${CMAKE_PREFIX_PATH}:/opt/ros/humble CONDA_PROMPT_MODIFIER=(base) /usr/bin/cmake --build /media/psf/Developer/Robotics/char-01/build/ros2_pkg -- -j2 -l2
