[0.068s] Invoking command in '/media/psf/Developer/Robotics/char-01/char_01/build/ros2_pkg': CMAKE_PREFIX_PATH=${CMAKE_PREFIX_PATH}:/opt/ros/humble /usr/bin/cmake --build /media/psf/Developer/Robotics/char-01/char_01/build/ros2_pkg -- -j2 -l2
[0.163s] -- Found ament_cmake: 1.3.6 (/opt/ros/humble/share/ament_cmake/cmake)
[0.280s] [31mCMake Error at /opt/ros/humble/share/ament_cmake_core/cmake/ament_cmake_uninstall_target-extras.cmake:40 (add_custom_target):
[0.281s]   add_custom_target called with invalid target name
[0.281s]   "char_01/ros2_pkg_uninstall".  Target names may not contain a slash.  Use
[0.282s]   ADD_CUSTOM_COMMAND to generate files.
[0.282s] Call Stack (most recent call first):
[0.283s]   /opt/ros/humble/share/ament_cmake_core/cmake/ament_cmake_coreConfig.cmake:41 (include)
[0.283s]   /opt/ros/humble/share/ament_cmake/cmake/ament_cmake_export_dependencies-extras.cmake:15 (find_package)
[0.284s]   /opt/ros/humble/share/ament_cmake/cmake/ament_cmakeConfig.cmake:41 (include)
[0.284s]   CMakeLists.txt:11 (find_package)
[0.285s] 
[0.285s] [0m
[0.293s] -- Found rclcpp: 16.0.7 (/opt/ros/humble/share/rclcpp/cmake)
[0.348s] -- Found rosidl_generator_c: 3.1.5 (/opt/ros/humble/share/rosidl_generator_c/cmake)
[0.352s] -- Found rosidl_adapter: 3.1.5 (/opt/ros/humble/share/rosidl_adapter/cmake)
[0.360s] -- Found rosidl_generator_cpp: 3.1.5 (/opt/ros/humble/share/rosidl_generator_cpp/cmake)
[0.375s] -- Using all available rosidl_typesupport_c: rosidl_typesupport_fastrtps_c;rosidl_typesupport_introspection_c
[0.390s] -- Using all available rosidl_typesupport_cpp: rosidl_typesupport_fastrtps_cpp;rosidl_typesupport_introspection_cpp
[0.445s] -- Found rmw_implementation_cmake: 6.1.1 (/opt/ros/humble/share/rmw_implementation_cmake/cmake)
[0.447s] -- Found rmw_fastrtps_cpp: 6.2.5 (/opt/ros/humble/share/rmw_fastrtps_cpp/cmake)
[0.591s] -- Using RMW implementation 'rmw_fastrtps_cpp' as default
[0.731s] -- Found rosidl_default_generators: 1.2.0 (/opt/ros/humble/share/rosidl_default_generators/cmake)
[0.738s] -- Found sensor_msgs: 4.2.3 (/opt/ros/humble/share/sensor_msgs/cmake)
[0.850s] -- Found cv_bridge: 3.2.1 (/opt/ros/humble/share/cv_bridge/cmake)
[0.857s] -- Found action_msgs: 1.2.1 (/opt/ros/humble/share/action_msgs/cmake)
[0.937s] -- Found rclcpp_action: 16.0.7 (/opt/ros/humble/share/rclcpp_action/cmake)
[1.112s] [31mCMake Error at /opt/ros/humble/share/rosidl_adapter/cmake/rosidl_adapt_interfaces.cmake:59 (message):
[1.112s]   execute_process(/usr/bin/python3.10 -m rosidl_adapter --package-name
[1.113s]   char_01/ros2_pkg --arguments-file
[1.113s]   /media/psf/Developer/Robotics/char-01/char_01/build/ros2_pkg/rosidl_adapter__arguments__char_01/ros2_pkg.json
[1.113s]   --output-dir
[1.113s]   /media/psf/Developer/Robotics/char-01/char_01/build/ros2_pkg/rosidl_adapter/char_01/ros2_pkg
[1.113s]   --output-file
[1.113s]   /media/psf/Developer/Robotics/char-01/char_01/build/ros2_pkg/rosidl_adapter/char_01/ros2_pkg.idls)
[1.113s]   returned error code 1:
[1.114s] 
[1.114s]   Traceback (most recent call last):
[1.114s] 
[1.114s]     File "/usr/lib/python3.10/runpy.py", line 196, in _run_module_as_main
[1.114s]       return _run_code(code, main_globals, None,
[1.114s]     File "/usr/lib/python3.10/runpy.py", line 86, in _run_code
[1.115s]       exec(code, run_globals)
[1.115s]     File "/opt/ros/humble/local/lib/python3.10/dist-packages/rosidl_adapter/__main__.py", line 19, in <module>
[1.115s]       sys.exit(main())
[1.115s]     File "/opt/ros/humble/local/lib/python3.10/dist-packages/rosidl_adapter/main.py", line 53, in main
[1.115s]       abs_idl_file = convert_to_idl(
[1.115s]     File "/opt/ros/humble/local/lib/python3.10/dist-packages/rosidl_adapter/__init__.py", line 24, in convert_to_idl
[1.116s]       return convert_srv_to_idl(
[1.116s]     File "/opt/ros/humble/local/lib/python3.10/dist-packages/rosidl_adapter/srv/__init__.py", line 28, in convert_srv_to_idl
[1.116s]       srv = parse_service_string(package_name, input_file.stem, content)
[1.116s]     File "/opt/ros/humble/local/lib/python3.10/dist-packages/rosidl_adapter/parser.py", line 859, in parse_service_string
[1.117s]       request_message = parse_message_string(
[1.117s]     File "/opt/ros/humble/local/lib/python3.10/dist-packages/rosidl_adapter/parser.py", line 544, in parse_message_string
[1.118s]       msg = MessageSpecification(pkg_name, msg_name, fields, constants)
[1.118s]     File "/opt/ros/humble/local/lib/python3.10/dist-packages/rosidl_adapter/parser.py", line 388, in __init__
[1.118s]       self.base_type = BaseType(
[1.119s]     File "/opt/ros/humble/local/lib/python3.10/dist-packages/rosidl_adapter/parser.py", line 190, in __init__
[1.119s]       raise InvalidResourceName(type_string)
[1.120s] 
[1.121s]   rosidl_adapter.parser.InvalidResourceName:
[1.124s]   char_01/ros2_pkg/OddEvenCheck_Request
[1.124s] 
[1.124s] Call Stack (most recent call first):
[1.124s]   /opt/ros/humble/share/rosidl_cmake/cmake/rosidl_generate_interfaces.cmake:130 (rosidl_adapt_interfaces)
[1.125s]   CMakeLists.txt:23 (rosidl_generate_interfaces)
[1.125s] 
[1.125s] [0m
[1.125s] -- Configuring incomplete, errors occurred!
[1.125s] See also "/media/psf/Developer/Robotics/char-01/char_01/build/ros2_pkg/CMakeFiles/CMakeOutput.log".
[1.135s] gmake: *** [Makefile:1589: cmake_check_build_system] Error 1
[1.136s] Invoked command in '/media/psf/Developer/Robotics/char-01/char_01/build/ros2_pkg' returned '2': CMAKE_PREFIX_PATH=${CMAKE_PREFIX_PATH}:/opt/ros/humble /usr/bin/cmake --build /media/psf/Developer/Robotics/char-01/char_01/build/ros2_pkg -- -j2 -l2
