[0.075s] Invoking command in '/media/psf/Developer/Robotics/char-01/ros2_pkg/build/ros2_pkg': CMAKE_PREFIX_PATH=${CMAKE_PREFIX_PATH}:/opt/ros/humble /usr/bin/cmake --build /media/psf/Developer/Robotics/char-01/ros2_pkg/build/ros2_pkg -- -j2 -l2
[0.186s] [  1%] Built target ros2_pkg__cpp
[0.197s] [  8%] Built target ros2_pkg__rosidl_generator_c
[0.244s] [ 11%] Built target publisher
[0.256s] [ 11%] Built target ament_cmake_python_copy_ros2_pkg
[0.293s] [ 14%] Built target subscriber
[0.304s] [ 17%] Built target rpm_pub
[0.339s] [ 20%] Built target speed_calc
[0.344s] [ 21%] [32mBuilding CXX object CMakeFiles/lidar_node.dir/sensors/lidar_node.cc.o[0m
[0.373s] [01m[K/media/psf/Developer/Robotics/char-01/ros2_pkg/sensors/lidar_node.cc:1:10:[m[K [01;31m[Kfatal error: [m[Kignition/msgs5/ignition/msgs/twist.pb.h: No such file or directory
[0.373s]     1 | #include [01;31m[K<ignition/msgs5/ignition/msgs/twist.pb.h>[m[K
[0.374s]       |          [01;31m[K^~~~~~~~~~~~~~~~~~~~~~~~~~~~~~~~~~~~~~~~~[m[K
[0.374s] compilation terminated.
[0.379s] gmake[2]: *** [CMakeFiles/lidar_node.dir/build.make:76: CMakeFiles/lidar_node.dir/sensors/lidar_node.cc.o] Error 1
[0.379s] gmake[1]: *** [CMakeFiles/Makefile2:878: CMakeFiles/lidar_node.dir/all] Error 2
[0.380s] gmake[1]: *** Waiting for unfinished jobs....
[0.388s] [35m[1mConsolidate compiler generated dependencies of target ros2_pkg__rosidl_typesupport_cpp[0m
[0.497s] [ 28%] Built target ros2_pkg__rosidl_typesupport_cpp
[0.500s] gmake: *** [Makefile:146: all] Error 2
[0.500s] Invoked command in '/media/psf/Developer/Robotics/char-01/ros2_pkg/build/ros2_pkg' returned '2': CMAKE_PREFIX_PATH=${CMAKE_PREFIX_PATH}:/opt/ros/humble /usr/bin/cmake --build /media/psf/Developer/Robotics/char-01/ros2_pkg/build/ros2_pkg -- -j2 -l2
