[  1%] Built target ros2_pkg__cpp
[  8%] Built target ros2_pkg__rosidl_generator_c
[  8%] Built target ament_cmake_python_copy_ros2_pkg
[ 11%] Built target publisher
[ 14%] Built target rpm_pub
[ 17%] Built target subscriber
[ 20%] Built target speed_calc
[ 21%] [32mBuilding CXX object CMakeFiles/lidar_node.dir/sensors/lidar_node.cc.o[0m
[01m[K/media/psf/Developer/Robotics/char-01/ros2_pkg/sensors/lidar_node.cc:1:10:[m[K [01;31m[Kfatal error: [m[Kignition/msgs/twist.pb.h: No such file or directory
    1 | #include [01;31m[K<ignition/msgs/twist.pb.h>[m[K
      |          [01;31m[K^~~~~~~~~~~~~~~~~~~~~~~~~~[m[K
compilation terminated.
gmake[2]: *** [CMakeFiles/lidar_node.dir/build.make:76: CMakeFiles/lidar_node.dir/sensors/lidar_node.cc.o] Error 1
gmake[1]: *** [CMakeFiles/Makefile2:878: CMakeFiles/lidar_node.dir/all] Error 2
gmake[1]: *** Waiting for unfinished jobs....
[ 28%] Built target ros2_pkg__rosidl_typesupport_cpp
gmake: *** [Makefile:146: all] Error 2
