[0.064s] Invoking command in '/media/psf/Developer/Robotics/char-01/build/ros2_pkg': CMAKE_PREFIX_PATH=${CMAKE_PREFIX_PATH}:/opt/ros/humble /usr/bin/cmake /media/psf/Developer/Robotics/char-01/ros2_pkg -DCMAKE_INSTALL_PREFIX=/media/psf/Developer/Robotics/char-01/install/ros2_pkg
[0.152s] -- The C compiler identification is GNU 11.4.0
[0.281s] -- The CXX compiler identification is GNU 11.4.0
[0.307s] -- Detecting C compiler ABI info
[0.483s] -- Detecting C compiler ABI info - done
[0.491s] -- Check for working C compiler: /usr/bin/cc - skipped
[0.491s] -- Detecting C compile features
[0.492s] -- Detecting C compile features - done
[0.498s] -- Detecting CXX compiler ABI info
[0.609s] -- Detecting CXX compiler ABI info - done
[0.615s] -- Check for working CXX compiler: /usr/bin/c++ - skipped
[0.616s] -- Detecting CXX compile features
[0.616s] -- Detecting CXX compile features - done
[0.625s] -- Found ament_cmake: 1.3.5 (/opt/ros/humble/share/ament_cmake/cmake)
[0.774s] -- Found Python3: /usr/bin/python3.10 (found version "3.10.12") found components: Interpreter 
[0.897s] -- Found rclcpp: 16.0.6 (/opt/ros/humble/share/rclcpp/cmake)
[0.983s] -- Found rosidl_generator_c: 3.1.5 (/opt/ros/humble/share/rosidl_generator_c/cmake)
[0.997s] -- Found rosidl_adapter: 3.1.5 (/opt/ros/humble/share/rosidl_adapter/cmake)
[1.012s] -- Found rosidl_generator_cpp: 3.1.5 (/opt/ros/humble/share/rosidl_generator_cpp/cmake)
[1.034s] -- Using all available rosidl_typesupport_c: rosidl_typesupport_fastrtps_c;rosidl_typesupport_introspection_c
[1.059s] -- Using all available rosidl_typesupport_cpp: rosidl_typesupport_fastrtps_cpp;rosidl_typesupport_introspection_cpp
[1.146s] -- Found rmw_implementation_cmake: 6.1.1 (/opt/ros/humble/share/rmw_implementation_cmake/cmake)
[1.151s] -- Found rmw_fastrtps_cpp: 6.2.4 (/opt/ros/humble/share/rmw_fastrtps_cpp/cmake)
[1.272s] -- Found OpenSSL: /usr/lib/aarch64-linux-gnu/libcrypto.so (found version "3.0.2")  
[1.304s] -- Found FastRTPS: /opt/ros/humble/include  
[1.355s] -- Using RMW implementation 'rmw_fastrtps_cpp' as default
[1.376s] -- Looking for pthread.h
[1.482s] -- Looking for pthread.h - found
[1.483s] -- Performing Test CMAKE_HAVE_LIBC_PTHREAD
[1.586s] -- Performing Test CMAKE_HAVE_LIBC_PTHREAD - Success
[1.587s] -- Found Threads: TRUE  
[1.737s] -- Found rosidl_default_generators: 1.2.0 (/opt/ros/humble/share/rosidl_default_generators/cmake)
[1.753s] -- Found sensor_msgs: 4.2.3 (/opt/ros/humble/share/sensor_msgs/cmake)
[1.872s] -- Found OpenCV: /usr (found version "4.5.4") 
[1.876s] -- Found cv_bridge: 3.2.1 (/opt/ros/humble/share/cv_bridge/cmake)
[1.888s] -- Found action_msgs: 1.2.1 (/opt/ros/humble/share/action_msgs/cmake)
[1.945s] -- Found rclcpp_action: 16.0.6 (/opt/ros/humble/share/rclcpp_action/cmake)
[2.400s] -- Found ament_cmake_cppcheck: 0.12.8 (/opt/ros/humble/share/ament_cmake_cppcheck/cmake)
[2.406s] -- Found ament_cmake_cpplint: 0.12.8 (/opt/ros/humble/share/ament_cmake_cpplint/cmake)
[2.412s] -- Found ament_cmake_uncrustify: 0.12.8 (/opt/ros/humble/share/ament_cmake_uncrustify/cmake)
[2.418s] -- Found ament_cmake_ros: 0.10.0 (/opt/ros/humble/share/ament_cmake_ros/cmake)
[3.059s] -- Using all available rosidl_typesupport_c: rosidl_typesupport_fastrtps_c;rosidl_typesupport_introspection_c
[3.290s] -- Using all available rosidl_typesupport_cpp: rosidl_typesupport_fastrtps_cpp;rosidl_typesupport_introspection_cpp
[3.309s] -- Found PythonInterp: /usr/bin/python3 (found suitable version "3.10.12", minimum required is "3.6") 
[3.314s] -- Found python_cmake_module: 0.10.0 (/opt/ros/humble/share/python_cmake_module/cmake)
[3.336s] -- Found PythonLibs: /usr/lib/aarch64-linux-gnu/libpython3.10.so (found suitable version "3.10.12", minimum required is "3.5") 
[3.336s] -- Using PYTHON_EXECUTABLE: /usr/bin/python3
[3.337s] -- Using PYTHON_INCLUDE_DIRS: /usr/include/python3.10
[3.337s] -- Using PYTHON_LIBRARIES: /usr/lib/aarch64-linux-gnu/libpython3.10.so
[3.353s] -- Found PythonExtra: .so  
[3.479s] -- Found ament_cmake_flake8: 0.12.8 (/opt/ros/humble/share/ament_cmake_flake8/cmake)
[3.485s] -- Found ament_cmake_pep257: 0.12.8 (/opt/ros/humble/share/ament_cmake_pep257/cmake)
[3.501s] -- Found ament_lint_auto: 0.12.8 (/opt/ros/humble/share/ament_lint_auto/cmake)
[3.587s] -- Added test 'cppcheck' to perform static code analysis on C / C++ code
[3.587s] -- Configured cppcheck include dirs: 
[3.588s] -- Configured cppcheck exclude dirs and/or files: 
[3.617s] -- Added test 'cpplint' to check C / C++ code against the Google style
[3.617s] -- Configured cpplint exclude dirs and/or files: 
[3.646s] -- Added test 'uncrustify' to check C / C++ code style
[3.647s] -- Configured uncrustify additional arguments: 
[3.651s] -- Added test 'flake8' to check Python code syntax and style conventions
[3.655s] -- Added test 'pep257' to check Python code against some of the docstring style conventions in PEP 257
[3.655s] -- Added test 'copyright' to check source files copyright and LICENSE
[3.663s] -- Added test 'lint_cmake' to check CMake code style
[3.668s] -- Added test 'xmllint' to check XML markup files
[3.691s] -- Configuring done
[4.076s] -- Generating done
[4.103s] -- Build files have been written to: /media/psf/Developer/Robotics/char-01/build/ros2_pkg
[4.112s] Invoked command in '/media/psf/Developer/Robotics/char-01/build/ros2_pkg' returned '0': CMAKE_PREFIX_PATH=${CMAKE_PREFIX_PATH}:/opt/ros/humble /usr/bin/cmake /media/psf/Developer/Robotics/char-01/ros2_pkg -DCMAKE_INSTALL_PREFIX=/media/psf/Developer/Robotics/char-01/install/ros2_pkg
[4.114s] Invoking command in '/media/psf/Developer/Robotics/char-01/build/ros2_pkg': CMAKE_PREFIX_PATH=${CMAKE_PREFIX_PATH}:/opt/ros/humble /usr/bin/cmake --build /media/psf/Developer/Robotics/char-01/build/ros2_pkg -- -j2 -l2
[4.215s] [  1%] [34m[1mGenerating C code for ROS interfaces[0m
[4.235s] [  2%] [34m[1mGenerating C++ code for ROS interfaces[0m
[4.406s] Traceback (most recent call last):
[4.407s]   File "/opt/ros/humble/share/rosidl_generator_c/cmake/../../../lib/rosidl_generator_c/rosidl_generator_c", line 38, in <module>
[4.407s]     sys.exit(main())
[4.407s]   File "/opt/ros/humble/share/rosidl_generator_c/cmake/../../../lib/rosidl_generator_c/rosidl_generator_c", line 34, in main
[4.407s]     generate_c(args.generator_arguments_file)
[4.407s]   File "/opt/ros/humble/local/lib/python3.10/dist-packages/rosidl_generator_c/__init__.py", line 37, in generate_c
[4.407s]     return generate_files(
[4.410s]   File "/opt/ros/humble/local/lib/python3.10/dist-packages/rosidl_cmake/__init__.py", line 55, in generate_files
[4.410s]     args = read_generator_arguments(generator_arguments_file)
[4.410s]   File "/opt/ros/humble/local/lib/python3.10/dist-packages/rosidl_cmake/__init__.py", line 39, in read_generator_arguments
[4.410s]     return json.load(h)
[4.411s]   File "/usr/lib/python3.10/json/__init__.py", line 293, in load
[4.411s]     return loads(fp.read(),
[4.411s]   File "/usr/lib/python3.10/json/__init__.py", line 346, in loads
[4.411s]     return _default_decoder.decode(s)
[4.411s]   File "/usr/lib/python3.10/json/decoder.py", line 337, in decode
[4.411s]     obj, end = self.raw_decode(s, idx=_w(s, 0).end())
[4.411s]   File "/usr/lib/python3.10/json/decoder.py", line 353, in raw_decode
[4.412s]     obj, end = self.scan_once(s, idx)
[4.412s] json.decoder.JSONDecodeError: Expecting ':' delimiter: line 106 column 104 (char 7530)
[4.433s] gmake[2]: *** [CMakeFiles/ros2_pkg__rosidl_generator_c.dir/build.make:183: rosidl_generator_c/ros2_pkg/srv/odd_even_check.h] Error 1
[4.434s] gmake[1]: *** [CMakeFiles/Makefile2:232: CMakeFiles/ros2_pkg__rosidl_generator_c.dir/all] Error 2
[4.434s] gmake[1]: *** Waiting for unfinished jobs....
[4.927s] [  2%] Built target ros2_pkg__cpp
[4.930s] gmake: *** [Makefile:146: all] Error 2
[4.931s] Invoked command in '/media/psf/Developer/Robotics/char-01/build/ros2_pkg' returned '2': CMAKE_PREFIX_PATH=${CMAKE_PREFIX_PATH}:/opt/ros/humble /usr/bin/cmake --build /media/psf/Developer/Robotics/char-01/build/ros2_pkg -- -j2 -l2
