[35m[1mConsolidate compiler generated dependencies of target lidar_node[0m
[ 50%] [32mBuilding CXX object CMakeFiles/lidar_node.dir/lidar_node.cc.o[0m
[01m[K/media/psf/Developer/Robotics/char-01/ros2_pkg/sensors/lidar_node.cc:1:10:[m[K [01;31m[Kfatal error: [m[Krclcpp/rclcpp.hpp: No such file or directory
    1 | #include [01;31m[K<rclcpp/rclcpp.hpp>[m[K
      |          [01;31m[K^~~~~~~~~~~~~~~~~~~[m[K
compilation terminated.
gmake[2]: *** [CMakeFiles/lidar_node.dir/build.make:76: CMakeFiles/lidar_node.dir/lidar_node.cc.o] Error 1
gmake[1]: *** [CMakeFiles/Makefile2:83: CMakeFiles/lidar_node.dir/all] Error 2
gmake: *** [Makefile:91: all] Error 2
