[  1%] Built target ros2_pkg__cpp
[  8%] Built target ros2_pkg__rosidl_generator_c
[ 10%] Built target ament_cmake_python_copy_ros2_pkg
[ 11%] Built target publisher
[ 14%] Built target subscriber
[ 17%] Built target rpm_pub
[ 20%] Built target speed_calc
[ 24%] [32mBuilding CXX object CMakeFiles/lidar_node.dir/sensors/lidar_node.cc.o[0m
[ 28%] Built target ros2_pkg__rosidl_typesupport_cpp
[01m[K/media/psf/Developer/Robotics/char-01/ros2_pkg/sensors/lidar_node.cc:1:10:[m[K [01;31m[Kfatal error: [m[Kignition/msgs/twist.pb.h: No such file or directory
    1 | #include [01;31m[K<ignition/msgs/twist.pb.h>[m[K
      |          [01;31m[K^~~~~~~~~~~~~~~~~~~~~~~~~~[m[K
compilation terminated.
gmake[2]: *** [CMakeFiles/lidar_node.dir/build.make:76: CMakeFiles/lidar_node.dir/sensors/lidar_node.cc.o] Error 1
gmake[1]: *** [CMakeFiles/Makefile2:878: CMakeFiles/lidar_node.dir/all] Error 2
gmake[1]: *** Waiting for unfinished jobs....
[ 30%] [34m[1mGenerating C type support for eProsima Fast-RTPS[0m
[ 33%] [32mBuilding CXX object CMakeFiles/ros2_pkg__rosidl_typesupport_fastrtps_c.dir/rosidl_typesupport_fastrtps_c/ros2_pkg/srv/detail/turn_camera__type_support_c.cpp.o[0m
[ 33%] [32mBuilding CXX object CMakeFiles/ros2_pkg__rosidl_typesupport_fastrtps_c.dir/rosidl_typesupport_fastrtps_c/ros2_pkg/srv/detail/odd_even_check__type_support_c.cpp.o[0m
[ 34%] [32mBuilding CXX object CMakeFiles/ros2_pkg__rosidl_typesupport_fastrtps_c.dir/rosidl_typesupport_fastrtps_c/ros2_pkg/action/detail/navigate__type_support_c.cpp.o[0m
[ 36%] [32m[1mLinking CXX shared library libros2_pkg__rosidl_typesupport_fastrtps_c.so[0m
[ 36%] Built target ros2_pkg__rosidl_typesupport_fastrtps_c
gmake: *** [Makefile:146: all] Error 2
