[0.057s] Invoking command in '/media/psf/Developer/Robotics/char-01/char_01/build/ros2_pkg': CMAKE_PREFIX_PATH=${CMAKE_PREFIX_PATH}:/opt/ros/humble /usr/bin/cmake /media/psf/Developer/Robotics/char-01/char_01/ros2_pkg -DCMAKE_INSTALL_PREFIX=/media/psf/Developer/Robotics/char-01/char_01/install/ros2_pkg
[0.077s] -- Found ament_cmake: 1.3.6 (/opt/ros/humble/share/ament_cmake/cmake)
[0.186s] -- Found rclcpp: 16.0.7 (/opt/ros/humble/share/rclcpp/cmake)
[0.210s] -- Found rosidl_generator_c: 3.1.5 (/opt/ros/humble/share/rosidl_generator_c/cmake)
[0.212s] -- Found rosidl_adapter: 3.1.5 (/opt/ros/humble/share/rosidl_adapter/cmake)
[0.217s] -- Found rosidl_generator_cpp: 3.1.5 (/opt/ros/humble/share/rosidl_generator_cpp/cmake)
[0.231s] -- Using all available rosidl_typesupport_c: rosidl_typesupport_fastrtps_c;rosidl_typesupport_introspection_c
[0.244s] -- Using all available rosidl_typesupport_cpp: rosidl_typesupport_fastrtps_cpp;rosidl_typesupport_introspection_cpp
[0.292s] -- Found rmw_implementation_cmake: 6.1.1 (/opt/ros/humble/share/rmw_implementation_cmake/cmake)
[0.293s] -- Found rmw_fastrtps_cpp: 6.2.5 (/opt/ros/humble/share/rmw_fastrtps_cpp/cmake)
[0.466s] -- Using RMW implementation 'rmw_fastrtps_cpp' as default
[0.615s] -- Found rosidl_default_generators: 1.2.0 (/opt/ros/humble/share/rosidl_default_generators/cmake)
[0.621s] -- Found sensor_msgs: 4.2.3 (/opt/ros/humble/share/sensor_msgs/cmake)
[0.736s] -- Found cv_bridge: 3.2.1 (/opt/ros/humble/share/cv_bridge/cmake)
[0.742s] -- Found action_msgs: 1.2.1 (/opt/ros/humble/share/action_msgs/cmake)
[0.797s] -- Found rclcpp_action: 16.0.7 (/opt/ros/humble/share/rclcpp_action/cmake)
[1.154s] -- Found ament_cmake_cppcheck: 0.12.9 (/opt/ros/humble/share/ament_cmake_cppcheck/cmake)
[1.155s] -- Found ament_cmake_cpplint: 0.12.9 (/opt/ros/humble/share/ament_cmake_cpplint/cmake)
[1.156s] -- Found ament_cmake_uncrustify: 0.12.9 (/opt/ros/humble/share/ament_cmake_uncrustify/cmake)
[1.156s] -- Found ament_cmake_ros: 0.10.0 (/opt/ros/humble/share/ament_cmake_ros/cmake)
[1.810s] -- Using all available rosidl_typesupport_c: rosidl_typesupport_fastrtps_c;rosidl_typesupport_introspection_c
[2.059s] -- Using all available rosidl_typesupport_cpp: rosidl_typesupport_fastrtps_cpp;rosidl_typesupport_introspection_cpp
[2.081s] -- Found python_cmake_module: 0.10.0 (/opt/ros/humble/share/python_cmake_module/cmake)
[2.099s] -- Using PYTHON_EXECUTABLE: /usr/bin/python3
[2.100s] -- Using PYTHON_INCLUDE_DIRS: /usr/include/python3.10
[2.100s] -- Using PYTHON_LIBRARIES: /usr/lib/aarch64-linux-gnu/libpython3.10.so
[2.209s] -- Found ament_cmake_flake8: 0.12.9 (/opt/ros/humble/share/ament_cmake_flake8/cmake)
[2.210s] -- Found ament_cmake_pep257: 0.12.9 (/opt/ros/humble/share/ament_cmake_pep257/cmake)
[2.222s] -- Found ament_lint_auto: 0.12.9 (/opt/ros/humble/share/ament_lint_auto/cmake)
[2.298s] -- Added test 'cppcheck' to perform static code analysis on C / C++ code
[2.299s] -- Configured cppcheck include dirs: 
[2.299s] -- Configured cppcheck exclude dirs and/or files: 
[2.353s] -- Added test 'cpplint' to check C / C++ code against the Google style
[2.354s] -- Configured cpplint exclude dirs and/or files: 
[2.399s] -- Added test 'uncrustify' to check C / C++ code style
[2.400s] -- Configured uncrustify additional arguments: 
[2.405s] -- Added test 'flake8' to check Python code syntax and style conventions
[2.410s] -- Added test 'pep257' to check Python code against some of the docstring style conventions in PEP 257
[2.411s] -- Added test 'copyright' to check source files copyright and LICENSE
[2.423s] -- Added test 'lint_cmake' to check CMake code style
[2.429s] -- Added test 'xmllint' to check XML markup files
[2.445s] -- Configuring done
[2.811s] -- Generating done
[2.846s] -- Build files have been written to: /media/psf/Developer/Robotics/char-01/char_01/build/ros2_pkg
[2.856s] Invoked command in '/media/psf/Developer/Robotics/char-01/char_01/build/ros2_pkg' returned '0': CMAKE_PREFIX_PATH=${CMAKE_PREFIX_PATH}:/opt/ros/humble /usr/bin/cmake /media/psf/Developer/Robotics/char-01/char_01/ros2_pkg -DCMAKE_INSTALL_PREFIX=/media/psf/Developer/Robotics/char-01/char_01/install/ros2_pkg
[2.863s] Invoking command in '/media/psf/Developer/Robotics/char-01/char_01/build/ros2_pkg': CMAKE_PREFIX_PATH=${CMAKE_PREFIX_PATH}:/opt/ros/humble /usr/bin/cmake --build /media/psf/Developer/Robotics/char-01/char_01/build/ros2_pkg -- -j2 -l2
[2.983s] [  1%] [34m[1mGenerating C++ code for ROS interfaces[0m
[3.635s] [  1%] Built target ros2_pkg__cpp
[3.661s] [  2%] [34m[1mGenerating C code for ROS interfaces[0m
[3.800s] Traceback (most recent call last):
[3.800s]   File "/opt/ros/humble/share/rosidl_generator_c/cmake/../../../lib/rosidl_generator_c/rosidl_generator_c", line 38, in <module>
[3.800s]     sys.exit(main())
[3.801s]   File "/opt/ros/humble/share/rosidl_generator_c/cmake/../../../lib/rosidl_generator_c/rosidl_generator_c", line 34, in main
[3.801s]     generate_c(args.generator_arguments_file)
[3.801s]   File "/opt/ros/humble/local/lib/python3.10/dist-packages/rosidl_generator_c/__init__.py", line 37, in generate_c
[3.801s]     return generate_files(
[3.801s]   File "/opt/ros/humble/local/lib/python3.10/dist-packages/rosidl_cmake/__init__.py", line 55, in generate_files
[3.801s]     args = read_generator_arguments(generator_arguments_file)
[3.801s]   File "/opt/ros/humble/local/lib/python3.10/dist-packages/rosidl_cmake/__init__.py", line 39, in read_generator_arguments
[3.802s]     return json.load(h)
[3.802s]   File "/usr/lib/python3.10/json/__init__.py", line 293, in load
[3.803s]     return loads(fp.read(),
[3.803s]   File "/usr/lib/python3.10/json/__init__.py", line 346, in loads
[3.803s]     return _default_decoder.decode(s)
[3.803s]   File "/usr/lib/python3.10/json/decoder.py", line 337, in decode
[3.804s]     obj, end = self.raw_decode(s, idx=_w(s, 0).end())
[3.808s]   File "/usr/lib/python3.10/json/decoder.py", line 355, in raw_decode
[3.809s]     raise JSONDecodeError("Expecting value", s, err.value) from None
[3.809s] json.decoder.JSONDecodeError: Expecting value: line 85 column 1 (char 6060)
[3.844s] gmake[2]: *** [CMakeFiles/ros2_pkg__rosidl_generator_c.dir/build.make:183: rosidl_generator_c/ros2_pkg/srv/odd_even_check.h] Error 1
[3.846s] gmake[1]: *** [CMakeFiles/Makefile2:232: CMakeFiles/ros2_pkg__rosidl_generator_c.dir/all] Error 2
[3.848s] gmake: *** [Makefile:146: all] Error 2
[3.849s] Invoked command in '/media/psf/Developer/Robotics/char-01/char_01/build/ros2_pkg' returned '2': CMAKE_PREFIX_PATH=${CMAKE_PREFIX_PATH}:/opt/ros/humble /usr/bin/cmake --build /media/psf/Developer/Robotics/char-01/char_01/build/ros2_pkg -- -j2 -l2
