[0.042s] Invoking command in '/media/psf/Developer/Robotics/char-01/build/ros2_pkg': CMAKE_PREFIX_PATH=${CMAKE_PREFIX_PATH}:/opt/ros/humble /usr/bin/cmake --build /media/psf/Developer/Robotics/char-01/build/ros2_pkg -- -j2 -l2
[0.155s] [  1%] Built target ros2_pkg__cpp
[0.163s] [  8%] Built target ros2_pkg__rosidl_generator_c
[0.193s] [  8%] Built target ament_cmake_python_symlink_ros2_pkg
[0.205s] [ 11%] Built target publisher
[0.240s] [ 14%] Built target subscriber
[0.254s] [ 17%] Built target rpm_pub
[0.291s] [ 21%] [32mBuilding CXX object CMakeFiles/lidar_node.dir/sensors/lidar_node.cc.o[0m
[0.291s] [ 21%] Built target speed_calc
[0.324s] [01m[K/media/psf/Developer/Robotics/char-01/ros2_pkg/sensors/lidar_node.cc:1:10:[m[K [01;31m[Kfatal error: [m[Kignition/msgs/twist.pb.h: No such file or directory
[0.324s]     1 | #include [01;31m[K<ignition/msgs/twist.pb.h>[m[K
[0.324s]       |          [01;31m[K^~~~~~~~~~~~~~~~~~~~~~~~~~[m[K
[0.325s] compilation terminated.
[0.326s] gmake[2]: *** [CMakeFiles/lidar_node.dir/build.make:76: CMakeFiles/lidar_node.dir/sensors/lidar_node.cc.o] Error 1
[0.326s] gmake[1]: *** [CMakeFiles/Makefile2:878: CMakeFiles/lidar_node.dir/all] Error 2
[0.326s] gmake[1]: *** Waiting for unfinished jobs....
[0.341s] [ 28%] Built target ros2_pkg__rosidl_typesupport_cpp
[0.351s] gmake: *** [Makefile:146: all] Error 2
[0.359s] Invoked command in '/media/psf/Developer/Robotics/char-01/build/ros2_pkg' returned '2': CMAKE_PREFIX_PATH=${CMAKE_PREFIX_PATH}:/opt/ros/humble /usr/bin/cmake --build /media/psf/Developer/Robotics/char-01/build/ros2_pkg -- -j2 -l2
