[0.049s] Invoking command in '/media/psf/Developer/Robotics/char-01/build/ros2_pkg': CMAKE_PREFIX_PATH=${CMAKE_PREFIX_PATH}:/opt/ros/humble /usr/bin/cmake --build /media/psf/Developer/Robotics/char-01/build/ros2_pkg -- -j2 -l2
[0.211s] [  1%] Built target ros2_pkg__cpp
[0.228s] [  8%] Built target ros2_pkg__rosidl_generator_c
[0.266s] [  8%] Built target ament_cmake_python_symlink_ros2_pkg
[0.277s] [ 11%] Built target publisher
[0.310s] [ 14%] Built target subscriber
[0.318s] [ 17%] Built target rpm_pub
[0.350s] [35m[1mConsolidate compiler generated dependencies of target lidar_node[0m
[0.356s] [ 20%] Built target speed_calc
[0.418s] [ 27%] Built target ros2_pkg__rosidl_typesupport_cpp
[0.466s] [ 28%] [32mBuilding CXX object CMakeFiles/lidar_node.dir/sensors/lidar_node.cc.o[0m
[0.472s] [ 36%] Built target ros2_pkg__rosidl_typesupport_fastrtps_c
[0.533s] [ 43%] Built target ros2_pkg__rosidl_typesupport_fastrtps_cpp
[0.572s] [ 50%] Built target ros2_pkg__rosidl_typesupport_introspection_c
[0.615s] [ 57%] Built target ros2_pkg__rosidl_typesupport_c
[0.665s] [ 65%] Built target ros2_pkg__rosidl_typesupport_introspection_cpp
[0.892s] running egg_info
[0.893s] writing ros2_pkg.egg-info/PKG-INFO
[0.894s] writing dependency_links to ros2_pkg.egg-info/dependency_links.txt
[0.895s] writing top-level names to ros2_pkg.egg-info/top_level.txt
[0.905s] reading manifest file 'ros2_pkg.egg-info/SOURCES.txt'
[0.907s] writing manifest file 'ros2_pkg.egg-info/SOURCES.txt'
[0.934s] [ 65%] Built target ament_cmake_python_build_ros2_pkg_egg
[0.982s] [ 68%] Built target service_server
[1.023s] [ 71%] Built target service_client
[1.091s] [ 73%] Built target turn_camera_service
[1.141s] [ 76%] Built target turn_camera_client
[1.191s] [ 79%] Built target action_server
[1.232s] [ 82%] Built target action_client
[1.259s] [ 82%] Built target ros2_pkg
[1.297s] [ 84%] Built target ros2_pkg__py
[1.339s] [ 89%] Built target ros2_pkg__rosidl_generator_py
[1.375s] [ 92%] Built target ros2_pkg__rosidl_typesupport_fastrtps_c__pyext
[1.409s] [ 95%] Built target ros2_pkg__rosidl_typesupport_introspection_c__pyext
[1.452s] [ 98%] Built target ros2_pkg__rosidl_typesupport_c__pyext
[2.269s] [01m[K/media/psf/Developer/Robotics/char-01/ros2_pkg/sensors/lidar_node.cc:[m[K In member function â€˜[01m[Kvoid LidarNode::callback(sensor_msgs::msg::LaserScan_<std::allocator<void> >::SharedPtr)[m[Kâ€™:
[2.269s] [01m[K/media/psf/Developer/Robotics/char-01/ros2_pkg/sensors/lidar_node.cc:46:5:[m[K [01;31m[Kerror: [m[Kâ€˜[01m[Kfile[m[Kâ€™ was not declared in this scope
[2.269s]    46 |     [01;31m[Kfile[m[K.open(file_path, std::ios_base::app);
[2.270s]       |     [01;31m[K^~~~[m[K
[3.720s] gmake[2]: *** [CMakeFiles/lidar_node.dir/build.make:76: CMakeFiles/lidar_node.dir/sensors/lidar_node.cc.o] Error 1
[3.720s] gmake[1]: *** [CMakeFiles/Makefile2:878: CMakeFiles/lidar_node.dir/all] Error 2
[3.720s] gmake: *** [Makefile:146: all] Error 2
[3.752s] Invoked command in '/media/psf/Developer/Robotics/char-01/build/ros2_pkg' returned '2': CMAKE_PREFIX_PATH=${CMAKE_PREFIX_PATH}:/opt/ros/humble /usr/bin/cmake --build /media/psf/Developer/Robotics/char-01/build/ros2_pkg -- -j2 -l2
