[0.000000] (-) TimerEvent: {}
[0.000967] (ros2_pkg) JobQueued: {'identifier': 'ros2_pkg', 'dependencies': OrderedDict()}
[0.001096] (ros2_pkg) JobStarted: {'identifier': 'ros2_pkg'}
[0.043052] (ros2_pkg) JobProgress: {'identifier': 'ros2_pkg', 'progress': 'cmake'}
[0.045839] (ros2_pkg) JobProgress: {'identifier': 'ros2_pkg', 'progress': 'build'}
[0.046701] (ros2_pkg) Command: {'cmd': ['/usr/bin/cmake', '--build', '/media/psf/Developer/Robotics/char-01/build/ros2_pkg', '--', '-j2', '-l2'], 'cwd': '/media/psf/Developer/Robotics/char-01/build/ros2_pkg', 'env': OrderedDict([('LESSOPEN', '| /usr/bin/lesspipe %s'), ('USER', 'parallels'), ('XDG_SESSION_TYPE', 'x11'), ('SHLVL', '1'), ('LIBGL_ALWAYS_SOFTWARE', '1'), ('LD_LIBRARY_PATH', '/media/psf/Developer/robotics/ros_env/install/ros2_pkg/lib:/opt/ros/humble/opt/rviz_ogre_vendor/lib:/opt/ros/humble/lib/aarch64-linux-gnu:/opt/ros/humble/lib'), ('HOME', '/home/parallels'), ('OLDPWD', '/media/psf/Developer/Robotics/char-01/ros2_pkg'), ('DESKTOP_SESSION', 'ubuntu'), ('ROS_PYTHON_VERSION', '3'), ('GNOME_SHELL_SESSION_MODE', 'ubuntu'), ('GTK_MODULES', 'gail:atk-bridge'), ('SYSTEMD_EXEC_PID', '4384'), ('DBUS_SESSION_BUS_ADDRESS', 'unix:path=/run/user/1000/bus'), ('COLORTERM', 'truecolor'), ('_colcon_cd_root', '/opt/ros/humble/'), ('COLCON_PREFIX_PATH', '/media/psf/Developer/robotics/ros_env/install'), ('ROS_DISTRO', 'humble'), ('GTK_IM_MODULE', 'ibus'), ('LOGNAME', 'parallels'), ('_', '/usr/bin/colcon'), ('ROS_VERSION', '2'), ('XDG_SESSION_CLASS', 'user'), ('USERNAME', 'parallels'), ('TERM', 'xterm-256color'), ('GNOME_DESKTOP_SESSION_ID', 'this-is-deprecated'), ('ROS_LOCALHOST_ONLY', '0'), ('WINDOWPATH', '2'), ('PATH', '/opt/ros/humble/bin:/usr/local/sbin:/usr/local/bin:/usr/sbin:/usr/bin:/sbin:/bin:/usr/games:/usr/local/games:/snap/bin:/snap/bin'), ('SESSION_MANAGER', 'local/ubuntu-linux-22-04-02-desktop:@/tmp/.ICE-unix/2796,unix/ubuntu-linux-22-04-02-desktop:/tmp/.ICE-unix/2796'), ('XDG_MENU_PREFIX', 'gnome-'), ('GNOME_TERMINAL_SCREEN', '/org/gnome/Terminal/screen/9145736c_7ec5_44b6_9823_20f05851fddc'), ('XDG_RUNTIME_DIR', '/run/user/1000'), ('DISPLAY', ':1'), ('LANG', 'en_US.UTF-8'), ('XDG_CURRENT_DESKTOP', 'ubuntu:GNOME'), ('XMODIFIERS', '@im=ibus'), ('XDG_SESSION_DESKTOP', 'ubuntu'), ('XAUTHORITY', '/run/user/1000/gdm/Xauthority'), ('LS_COLORS', 'rs=0:di=01;34:ln=01;36:mh=00:pi=40;33:so=01;35:do=01;35:bd=40;33;01:cd=40;33;01:or=40;31;01:mi=00:su=37;41:sg=30;43:ca=30;41:tw=30;42:ow=34;42:st=37;44:ex=01;32:*.tar=01;31:*.tgz=01;31:*.arc=01;31:*.arj=01;31:*.taz=01;31:*.lha=01;31:*.lz4=01;31:*.lzh=01;31:*.lzma=01;31:*.tlz=01;31:*.txz=01;31:*.tzo=01;31:*.t7z=01;31:*.zip=01;31:*.z=01;31:*.dz=01;31:*.gz=01;31:*.lrz=01;31:*.lz=01;31:*.lzo=01;31:*.xz=01;31:*.zst=01;31:*.tzst=01;31:*.bz2=01;31:*.bz=01;31:*.tbz=01;31:*.tbz2=01;31:*.tz=01;31:*.deb=01;31:*.rpm=01;31:*.jar=01;31:*.war=01;31:*.ear=01;31:*.sar=01;31:*.rar=01;31:*.alz=01;31:*.ace=01;31:*.zoo=01;31:*.cpio=01;31:*.7z=01;31:*.rz=01;31:*.cab=01;31:*.wim=01;31:*.swm=01;31:*.dwm=01;31:*.esd=01;31:*.jpg=01;35:*.jpeg=01;35:*.mjpg=01;35:*.mjpeg=01;35:*.gif=01;35:*.bmp=01;35:*.pbm=01;35:*.pgm=01;35:*.ppm=01;35:*.tga=01;35:*.xbm=01;35:*.xpm=01;35:*.tif=01;35:*.tiff=01;35:*.png=01;35:*.svg=01;35:*.svgz=01;35:*.mng=01;35:*.pcx=01;35:*.mov=01;35:*.mpg=01;35:*.mpeg=01;35:*.m2v=01;35:*.mkv=01;35:*.webm=01;35:*.webp=01;35:*.ogm=01;35:*.mp4=01;35:*.m4v=01;35:*.mp4v=01;35:*.vob=01;35:*.qt=01;35:*.nuv=01;35:*.wmv=01;35:*.asf=01;35:*.rm=01;35:*.rmvb=01;35:*.flc=01;35:*.avi=01;35:*.fli=01;35:*.flv=01;35:*.gl=01;35:*.dl=01;35:*.xcf=01;35:*.xwd=01;35:*.yuv=01;35:*.cgm=01;35:*.emf=01;35:*.ogv=01;35:*.ogx=01;35:*.aac=00;36:*.au=00;36:*.flac=00;36:*.m4a=00;36:*.mid=00;36:*.midi=00;36:*.mka=00;36:*.mp3=00;36:*.mpc=00;36:*.ogg=00;36:*.ra=00;36:*.wav=00;36:*.oga=00;36:*.opus=00;36:*.spx=00;36:*.xspf=00;36:'), ('GNOME_TERMINAL_SERVICE', ':1.101'), ('SSH_AGENT_LAUNCHER', 'gnome-keyring'), ('SSH_AUTH_SOCK', '/run/user/1000/keyring/ssh'), ('AMENT_PREFIX_PATH', '/media/psf/Developer/robotics/ros_env/install/ros2_pkg:/opt/ros/humble'), ('SHELL', '/bin/bash'), ('QT_ACCESSIBILITY', '1'), ('GDMSESSION', 'ubuntu'), ('LESSCLOSE', '/usr/bin/lesspipe %s %s'), ('GPG_AGENT_INFO', '/run/user/1000/gnupg/S.gpg-agent:0:1'), ('QT_IM_MODULE', 'ibus'), ('PWD', '/media/psf/Developer/Robotics/char-01/build/ros2_pkg'), ('QT_QPA_PLATFORM', 'xcb'), ('LC_ALL', 'en_US.UTF-8'), ('XDG_CONFIG_DIRS', '/etc/xdg/xdg-ubuntu:/etc/xdg'), ('XDG_DATA_DIRS', '/usr/share/ubuntu:/usr/share/gnome:/usr/local/share/:/usr/share/:/var/lib/snapd/desktop'), ('PYTHONPATH', '/media/psf/Developer/robotics/ros_env/install/ros2_pkg/local/lib/python3.10/dist-packages:/opt/ros/humble/lib/python3.10/site-packages:/opt/ros/humble/local/lib/python3.10/dist-packages'), ('COLCON', '1'), ('VTE_VERSION', '6800'), ('CMAKE_PREFIX_PATH', '/media/psf/Developer/robotics/ros_env/install/ros2_pkg:/opt/ros/humble')]), 'shell': False}
[0.092549] (ros2_pkg) StdoutLine: {'line': b'-- Found ament_cmake: 1.3.6 (/opt/ros/humble/share/ament_cmake/cmake)\n'}
[0.099260] (-) TimerEvent: {}
[0.194133] (ros2_pkg) StdoutLine: {'line': b'-- Override CMake install command with custom implementation using symlinks instead of copying resources\n'}
[0.199331] (-) TimerEvent: {}
[0.204445] (ros2_pkg) StdoutLine: {'line': b'-- Found rclcpp: 16.0.7 (/opt/ros/humble/share/rclcpp/cmake)\n'}
[0.228318] (ros2_pkg) StdoutLine: {'line': b'-- Found rosidl_generator_c: 3.1.5 (/opt/ros/humble/share/rosidl_generator_c/cmake)\n'}
[0.229885] (ros2_pkg) StdoutLine: {'line': b'-- Found rosidl_adapter: 3.1.5 (/opt/ros/humble/share/rosidl_adapter/cmake)\n'}
[0.234253] (ros2_pkg) StdoutLine: {'line': b'-- Found rosidl_generator_cpp: 3.1.5 (/opt/ros/humble/share/rosidl_generator_cpp/cmake)\n'}
[0.242346] (ros2_pkg) StdoutLine: {'line': b'-- Using all available rosidl_typesupport_c: rosidl_typesupport_fastrtps_c;rosidl_typesupport_introspection_c\n'}
[0.252845] (ros2_pkg) StdoutLine: {'line': b'-- Using all available rosidl_typesupport_cpp: rosidl_typesupport_fastrtps_cpp;rosidl_typesupport_introspection_cpp\n'}
[0.293583] (ros2_pkg) StdoutLine: {'line': b'-- Found rmw_implementation_cmake: 6.1.1 (/opt/ros/humble/share/rmw_implementation_cmake/cmake)\n'}
[0.294779] (ros2_pkg) StdoutLine: {'line': b'-- Found rmw_fastrtps_cpp: 6.2.5 (/opt/ros/humble/share/rmw_fastrtps_cpp/cmake)\n'}
[0.299671] (-) TimerEvent: {}
[0.399987] (-) TimerEvent: {}
[0.423079] (ros2_pkg) StdoutLine: {'line': b"-- Using RMW implementation 'rmw_fastrtps_cpp' as default\n"}
[0.500527] (-) TimerEvent: {}
[0.571932] (ros2_pkg) StdoutLine: {'line': b'-- Found rosidl_default_generators: 1.2.0 (/opt/ros/humble/share/rosidl_default_generators/cmake)\n'}
[0.577498] (ros2_pkg) StdoutLine: {'line': b'-- Found sensor_msgs: 4.2.3 (/opt/ros/humble/share/sensor_msgs/cmake)\n'}
[0.602511] (-) TimerEvent: {}
[0.680714] (ros2_pkg) StdoutLine: {'line': b'-- Found cv_bridge: 3.2.1 (/opt/ros/humble/share/cv_bridge/cmake)\n'}
[0.688219] (ros2_pkg) StdoutLine: {'line': b'-- Found action_msgs: 1.2.1 (/opt/ros/humble/share/action_msgs/cmake)\n'}
[0.702857] (-) TimerEvent: {}
[0.731095] (ros2_pkg) StdoutLine: {'line': b'-- Found rclcpp_action: 16.0.7 (/opt/ros/humble/share/rclcpp_action/cmake)\n'}
[0.802987] (-) TimerEvent: {}
[0.903322] (-) TimerEvent: {}
[1.002706] (ros2_pkg) StdoutLine: {'line': b'-- Found ament_cmake_cppcheck: 0.12.9 (/opt/ros/humble/share/ament_cmake_cppcheck/cmake)\n'}
[1.003182] (ros2_pkg) StdoutLine: {'line': b'-- Found ament_cmake_cpplint: 0.12.9 (/opt/ros/humble/share/ament_cmake_cpplint/cmake)\n'}
[1.003334] (-) TimerEvent: {}
[1.003718] (ros2_pkg) StdoutLine: {'line': b'-- Found ament_cmake_uncrustify: 0.12.9 (/opt/ros/humble/share/ament_cmake_uncrustify/cmake)\n'}
[1.004756] (ros2_pkg) StdoutLine: {'line': b'-- Found ament_cmake_ros: 0.10.0 (/opt/ros/humble/share/ament_cmake_ros/cmake)\n'}
[1.103467] (-) TimerEvent: {}
[1.204026] (-) TimerEvent: {}
[1.304740] (-) TimerEvent: {}
[1.405037] (-) TimerEvent: {}
[1.505360] (-) TimerEvent: {}
[1.557678] (ros2_pkg) StdoutLine: {'line': b'-- Using all available rosidl_typesupport_c: rosidl_typesupport_fastrtps_c;rosidl_typesupport_introspection_c\n'}
[1.605482] (-) TimerEvent: {}
[1.705909] (-) TimerEvent: {}
[1.767310] (ros2_pkg) StdoutLine: {'line': b'-- Using all available rosidl_typesupport_cpp: rosidl_typesupport_fastrtps_cpp;rosidl_typesupport_introspection_cpp\n'}
[1.783131] (ros2_pkg) StdoutLine: {'line': b'-- Found python_cmake_module: 0.10.0 (/opt/ros/humble/share/python_cmake_module/cmake)\n'}
[1.798114] (ros2_pkg) StdoutLine: {'line': b'-- Using PYTHON_EXECUTABLE: /usr/bin/python3\n'}
[1.798424] (ros2_pkg) StdoutLine: {'line': b'-- Using PYTHON_INCLUDE_DIRS: /usr/include/python3.10\n'}
[1.798743] (ros2_pkg) StdoutLine: {'line': b'-- Using PYTHON_LIBRARIES: /usr/lib/aarch64-linux-gnu/libpython3.10.so\n'}
[1.806070] (-) TimerEvent: {}
[1.883575] (ros2_pkg) StdoutLine: {'line': b'-- Found ament_cmake_flake8: 0.12.9 (/opt/ros/humble/share/ament_cmake_flake8/cmake)\n'}
[1.884116] (ros2_pkg) StdoutLine: {'line': b'-- Found ament_cmake_pep257: 0.12.9 (/opt/ros/humble/share/ament_cmake_pep257/cmake)\n'}
[1.900784] (ros2_pkg) StdoutLine: {'line': b'-- Found ament_lint_auto: 0.12.9 (/opt/ros/humble/share/ament_lint_auto/cmake)\n'}
[1.906147] (-) TimerEvent: {}
[2.006439] (-) TimerEvent: {}
[2.106729] (-) TimerEvent: {}
[2.207071] (-) TimerEvent: {}
[2.307473] (-) TimerEvent: {}
[2.407911] (-) TimerEvent: {}
[2.508393] (-) TimerEvent: {}
[2.576720] (ros2_pkg) StdoutLine: {'line': b"-- Added test 'cppcheck' to perform static code analysis on C / C++ code\n"}
[2.577823] (ros2_pkg) StdoutLine: {'line': b'-- Configured cppcheck include dirs: \n'}
[2.578154] (ros2_pkg) StdoutLine: {'line': b'-- Configured cppcheck exclude dirs and/or files: \n'}
[2.608487] (-) TimerEvent: {}
[2.708793] (-) TimerEvent: {}
[2.809437] (-) TimerEvent: {}
[2.909740] (-) TimerEvent: {}
[3.010210] (-) TimerEvent: {}
[3.110593] (-) TimerEvent: {}
[3.144029] (ros2_pkg) StdoutLine: {'line': b"-- Added test 'cpplint' to check C / C++ code against the Google style\n"}
[3.144382] (ros2_pkg) StdoutLine: {'line': b'-- Configured cpplint exclude dirs and/or files: \n'}
[3.210692] (-) TimerEvent: {}
[3.311023] (-) TimerEvent: {}
[3.411390] (-) TimerEvent: {}
[3.511813] (-) TimerEvent: {}
[3.612102] (-) TimerEvent: {}
[3.696976] (ros2_pkg) StdoutLine: {'line': b"-- Added test 'uncrustify' to check C / C++ code style\n"}
[3.697294] (ros2_pkg) StdoutLine: {'line': b'-- Configured uncrustify additional arguments: \n'}
[3.712183] (-) TimerEvent: {}
[3.770415] (ros2_pkg) StdoutLine: {'line': b"-- Added test 'flake8' to check Python code syntax and style conventions\n"}
[3.812266] (-) TimerEvent: {}
[3.840692] (ros2_pkg) StdoutLine: {'line': b"-- Added test 'pep257' to check Python code against some of the docstring style conventions in PEP 257\n"}
[3.841182] (ros2_pkg) StdoutLine: {'line': b"-- Added test 'copyright' to check source files copyright and LICENSE\n"}
[3.912380] (-) TimerEvent: {}
[3.998768] (ros2_pkg) StdoutLine: {'line': b"-- Added test 'lint_cmake' to check CMake code style\n"}
[4.012470] (-) TimerEvent: {}
[4.112742] (-) TimerEvent: {}
[4.129884] (ros2_pkg) StdoutLine: {'line': b"-- Added test 'xmllint' to check XML markup files\n"}
[4.147281] (ros2_pkg) StdoutLine: {'line': b'-- Configuring done\n'}
[4.212857] (-) TimerEvent: {}
[4.313168] (-) TimerEvent: {}
[4.413463] (-) TimerEvent: {}
[4.484864] (ros2_pkg) StdoutLine: {'line': b'-- Generating done\n'}
[4.513595] (-) TimerEvent: {}
[4.517945] (ros2_pkg) StdoutLine: {'line': b'-- Build files have been written to: /media/psf/Developer/Robotics/char-01/build/ros2_pkg\n'}
[4.563209] (ros2_pkg) StdoutLine: {'line': b'\x1b[35m\x1b[1mConsolidate compiler generated dependencies of target ros2_pkg__rosidl_generator_c\x1b[0m\n'}
[4.577479] (ros2_pkg) StdoutLine: {'line': b'[  1%] Built target ros2_pkg__cpp\n'}
[4.590845] (ros2_pkg) StdoutLine: {'line': b'[  8%] Built target ros2_pkg__rosidl_generator_c\n'}
[4.606818] (ros2_pkg) StdoutLine: {'line': b'\x1b[35m\x1b[1mConsolidate compiler generated dependencies of target publisher\x1b[0m\n'}
[4.613710] (-) TimerEvent: {}
[4.620203] (ros2_pkg) StdoutLine: {'line': b'[  8%] Built target ament_cmake_python_symlink_ros2_pkg\n'}
[4.643956] (ros2_pkg) StdoutLine: {'line': b'\x1b[35m\x1b[1mConsolidate compiler generated dependencies of target subscriber\x1b[0m\n'}
[4.713794] (-) TimerEvent: {}
[4.722746] (ros2_pkg) StdoutLine: {'line': b'[ 11%] Built target publisher\n'}
[4.736494] (ros2_pkg) StdoutLine: {'line': b'[ 14%] Built target subscriber\n'}
[4.741161] (ros2_pkg) StdoutLine: {'line': b'\x1b[35m\x1b[1mConsolidate compiler generated dependencies of target rpm_pub\x1b[0m\n'}
[4.756558] (ros2_pkg) StdoutLine: {'line': b'\x1b[35m\x1b[1mConsolidate compiler generated dependencies of target speed_calc\x1b[0m\n'}
[4.813919] (-) TimerEvent: {}
[4.825376] (ros2_pkg) StdoutLine: {'line': b'[ 17%] Built target rpm_pub\n'}
[4.863943] (ros2_pkg) StdoutLine: {'line': b'[ 21%] Built target speed_calc\n'}
[4.864431] (ros2_pkg) StdoutLine: {'line': b'[ 21%] \x1b[32mBuilding CXX object CMakeFiles/lidar_node.dir/sensors/lidar_node.cc.o\x1b[0m\n'}
[4.878613] (ros2_pkg) StderrLine: {'line': b'\x1b[01m\x1b[K/media/psf/Developer/Robotics/char-01/ros2_pkg/sensors/lidar_node.cc:1:10:\x1b[m\x1b[K \x1b[01;31m\x1b[Kfatal error: \x1b[m\x1b[Kignition/msgs/twist.pb.h: No such file or directory\n'}
[4.879023] (ros2_pkg) StderrLine: {'line': b'    1 | #include \x1b[01;31m\x1b[K<ignition/msgs/twist.pb.h>\x1b[m\x1b[K\n'}
[4.879206] (ros2_pkg) StderrLine: {'line': b'      |          \x1b[01;31m\x1b[K^~~~~~~~~~~~~~~~~~~~~~~~~~\x1b[m\x1b[K\n'}
[4.879615] (ros2_pkg) StderrLine: {'line': b'compilation terminated.\n'}
[4.880163] (ros2_pkg) StderrLine: {'line': b'gmake[2]: *** [CMakeFiles/lidar_node.dir/build.make:76: CMakeFiles/lidar_node.dir/sensors/lidar_node.cc.o] Error 1\n'}
[4.881159] (ros2_pkg) StderrLine: {'line': b'gmake[1]: *** [CMakeFiles/Makefile2:878: CMakeFiles/lidar_node.dir/all] Error 2\n'}
[4.881311] (ros2_pkg) StderrLine: {'line': b'gmake[1]: *** Waiting for unfinished jobs....\n'}
[4.881816] (ros2_pkg) StdoutLine: {'line': b'\x1b[35m\x1b[1mConsolidate compiler generated dependencies of target ros2_pkg__rosidl_typesupport_cpp\x1b[0m\n'}
[4.914058] (-) TimerEvent: {}
[4.950261] (ros2_pkg) StdoutLine: {'line': b'[ 28%] Built target ros2_pkg__rosidl_typesupport_cpp\n'}
[4.953053] (ros2_pkg) StderrLine: {'line': b'gmake: *** [Makefile:146: all] Error 2\n'}
[4.954594] (ros2_pkg) CommandEnded: {'returncode': 2}
[5.014226] (-) TimerEvent: {}
[5.114563] (-) TimerEvent: {}
[5.214842] (-) TimerEvent: {}
[5.276970] (ros2_pkg) JobEnded: {'identifier': 'ros2_pkg', 'rc': 2}
[5.290790] (-) EventReactorShutdown: {}
