[0.050s] Invoking command in '/media/psf/Developer/Robotics/char-01/ros2_pkg/build/ros2_pkg': CMAKE_PREFIX_PATH=${CMAKE_PREFIX_PATH}:/opt/ros/humble /usr/bin/cmake --build /media/psf/Developer/Robotics/char-01/ros2_pkg/build/ros2_pkg -- -j2 -l2
[0.202s] [35m[1mConsolidate compiler generated dependencies of target ros2_pkg__rosidl_generator_c[0m
[0.215s] [  1%] Built target ros2_pkg__cpp
[0.257s] [  8%] Built target ros2_pkg__rosidl_generator_c
[0.265s] [  8%] Built target ament_cmake_python_copy_ros2_pkg
[0.280s] [35m[1mConsolidate compiler generated dependencies of target publisher[0m
[0.298s] [35m[1mConsolidate compiler generated dependencies of target subscriber[0m
[0.403s] [ 11%] Built target publisher
[0.437s] [ 14%] Built target subscriber
[0.457s] [35m[1mConsolidate compiler generated dependencies of target rpm_pub[0m
[0.470s] [35m[1mConsolidate compiler generated dependencies of target speed_calc[0m
[0.595s] [ 17%] Built target speed_calc
[0.623s] [ 20%] Built target rpm_pub
[0.647s] [ 21%] [32mBuilding CXX object CMakeFiles/lidar_node.dir/sensors/lidar_node.cc.o[0m
[0.648s] [ 23%] [34m[1mGenerating C++ type support dispatch for ROS interfaces[0m
[0.701s] [01m[K/media/psf/Developer/Robotics/char-01/ros2_pkg/sensors/lidar_node.cc:1:10:[m[K [01;31m[Kfatal error: [m[Kignition/msgs/twist.pb.h: No such file or directory
[0.701s]     1 | #include [01;31m[K<ignition/msgs/twist.pb.h>[m[K
[0.702s]       |          [01;31m[K^~~~~~~~~~~~~~~~~~~~~~~~~~[m[K
[0.702s] compilation terminated.
[0.704s] gmake[2]: *** [CMakeFiles/lidar_node.dir/build.make:76: CMakeFiles/lidar_node.dir/sensors/lidar_node.cc.o] Error 1
[0.705s] gmake[1]: *** [CMakeFiles/Makefile2:878: CMakeFiles/lidar_node.dir/all] Error 2
[0.705s] gmake[1]: *** Waiting for unfinished jobs....
[0.957s] [ 26%] [32mBuilding CXX object CMakeFiles/ros2_pkg__rosidl_typesupport_cpp.dir/rosidl_typesupport_cpp/ros2_pkg/srv/odd_even_check__type_support.cpp.o[0m
[0.958s] [ 26%] [32mBuilding CXX object CMakeFiles/ros2_pkg__rosidl_typesupport_cpp.dir/rosidl_typesupport_cpp/ros2_pkg/srv/turn_camera__type_support.cpp.o[0m
[1.382s] [ 27%] [32mBuilding CXX object CMakeFiles/ros2_pkg__rosidl_typesupport_cpp.dir/rosidl_typesupport_cpp/ros2_pkg/action/navigate__type_support.cpp.o[0m
[1.749s] [ 28%] [32m[1mLinking CXX shared library libros2_pkg__rosidl_typesupport_cpp.so[0m
[1.814s] [ 28%] Built target ros2_pkg__rosidl_typesupport_cpp
[1.815s] gmake: *** [Makefile:146: all] Error 2
[1.817s] Invoked command in '/media/psf/Developer/Robotics/char-01/ros2_pkg/build/ros2_pkg' returned '2': CMAKE_PREFIX_PATH=${CMAKE_PREFIX_PATH}:/opt/ros/humble /usr/bin/cmake --build /media/psf/Developer/Robotics/char-01/ros2_pkg/build/ros2_pkg -- -j2 -l2
