[0.000000] (-) TimerEvent: {}
[0.000299] (ros2_pkg) JobQueued: {'identifier': 'ros2_pkg', 'dependencies': OrderedDict()}
[0.000359] (ros2_pkg) JobStarted: {'identifier': 'ros2_pkg'}
[0.043418] (ros2_pkg) JobProgress: {'identifier': 'ros2_pkg', 'progress': 'cmake'}
[0.046047] (ros2_pkg) JobProgress: {'identifier': 'ros2_pkg', 'progress': 'build'}
[0.047017] (ros2_pkg) Command: {'cmd': ['/usr/bin/cmake', '--build', '/media/psf/Developer/Robotics/char-01/build/ros2_pkg', '--', '-j2', '-l2'], 'cwd': '/media/psf/Developer/Robotics/char-01/build/ros2_pkg', 'env': OrderedDict([('LESSOPEN', '| /usr/bin/lesspipe %s'), ('USER', 'parallels'), ('XDG_SESSION_TYPE', 'x11'), ('SHLVL', '1'), ('LIBGL_ALWAYS_SOFTWARE', '1'), ('LD_LIBRARY_PATH', '/media/psf/Developer/robotics/ros_env/install/ros2_pkg/lib:/opt/ros/humble/opt/rviz_ogre_vendor/lib:/opt/ros/humble/lib/aarch64-linux-gnu:/opt/ros/humble/lib'), ('HOME', '/home/parallels'), ('OLDPWD', '/home/parallels'), ('DESKTOP_SESSION', 'ubuntu'), ('ROS_PYTHON_VERSION', '3'), ('GNOME_SHELL_SESSION_MODE', 'ubuntu'), ('GTK_MODULES', 'gail:atk-bridge'), ('SYSTEMD_EXEC_PID', '3226'), ('DBUS_SESSION_BUS_ADDRESS', 'unix:path=/run/user/1000/bus'), ('COLORTERM', 'truecolor'), ('_colcon_cd_root', '/opt/ros/humble/'), ('COLCON_PREFIX_PATH', '/media/psf/Developer/robotics/ros_env/install'), ('ROS_DISTRO', 'humble'), ('GTK_IM_MODULE', 'ibus'), ('LOGNAME', 'parallels'), ('_', '/usr/bin/colcon'), ('ROS_VERSION', '2'), ('XDG_SESSION_CLASS', 'user'), ('USERNAME', 'parallels'), ('TERM', 'xterm-256color'), ('GNOME_DESKTOP_SESSION_ID', 'this-is-deprecated'), ('ROS_LOCALHOST_ONLY', '0'), ('WINDOWPATH', '2'), ('PATH', '/opt/ros/humble/bin:/usr/local/sbin:/usr/local/bin:/usr/sbin:/usr/bin:/sbin:/bin:/usr/games:/usr/local/games:/snap/bin:/snap/bin'), ('SESSION_MANAGER', 'local/ubuntu-linux-22-04-02-desktop:@/tmp/.ICE-unix/3204,unix/ubuntu-linux-22-04-02-desktop:/tmp/.ICE-unix/3204'), ('XDG_MENU_PREFIX', 'gnome-'), ('GNOME_TERMINAL_SCREEN', '/org/gnome/Terminal/screen/bc48abe8_2ab7_40e3_9ead_631fe9c45514'), ('XDG_RUNTIME_DIR', '/run/user/1000'), ('DISPLAY', ':1'), ('LANG', 'en_US.UTF-8'), ('XDG_CURRENT_DESKTOP', 'ubuntu:GNOME'), ('XMODIFIERS', '@im=ibus'), ('XDG_SESSION_DESKTOP', 'ubuntu'), ('XAUTHORITY', '/run/user/1000/gdm/Xauthority'), ('LS_COLORS', 'rs=0:di=01;34:ln=01;36:mh=00:pi=40;33:so=01;35:do=01;35:bd=40;33;01:cd=40;33;01:or=40;31;01:mi=00:su=37;41:sg=30;43:ca=30;41:tw=30;42:ow=34;42:st=37;44:ex=01;32:*.tar=01;31:*.tgz=01;31:*.arc=01;31:*.arj=01;31:*.taz=01;31:*.lha=01;31:*.lz4=01;31:*.lzh=01;31:*.lzma=01;31:*.tlz=01;31:*.txz=01;31:*.tzo=01;31:*.t7z=01;31:*.zip=01;31:*.z=01;31:*.dz=01;31:*.gz=01;31:*.lrz=01;31:*.lz=01;31:*.lzo=01;31:*.xz=01;31:*.zst=01;31:*.tzst=01;31:*.bz2=01;31:*.bz=01;31:*.tbz=01;31:*.tbz2=01;31:*.tz=01;31:*.deb=01;31:*.rpm=01;31:*.jar=01;31:*.war=01;31:*.ear=01;31:*.sar=01;31:*.rar=01;31:*.alz=01;31:*.ace=01;31:*.zoo=01;31:*.cpio=01;31:*.7z=01;31:*.rz=01;31:*.cab=01;31:*.wim=01;31:*.swm=01;31:*.dwm=01;31:*.esd=01;31:*.jpg=01;35:*.jpeg=01;35:*.mjpg=01;35:*.mjpeg=01;35:*.gif=01;35:*.bmp=01;35:*.pbm=01;35:*.pgm=01;35:*.ppm=01;35:*.tga=01;35:*.xbm=01;35:*.xpm=01;35:*.tif=01;35:*.tiff=01;35:*.png=01;35:*.svg=01;35:*.svgz=01;35:*.mng=01;35:*.pcx=01;35:*.mov=01;35:*.mpg=01;35:*.mpeg=01;35:*.m2v=01;35:*.mkv=01;35:*.webm=01;35:*.webp=01;35:*.ogm=01;35:*.mp4=01;35:*.m4v=01;35:*.mp4v=01;35:*.vob=01;35:*.qt=01;35:*.nuv=01;35:*.wmv=01;35:*.asf=01;35:*.rm=01;35:*.rmvb=01;35:*.flc=01;35:*.avi=01;35:*.fli=01;35:*.flv=01;35:*.gl=01;35:*.dl=01;35:*.xcf=01;35:*.xwd=01;35:*.yuv=01;35:*.cgm=01;35:*.emf=01;35:*.ogv=01;35:*.ogx=01;35:*.aac=00;36:*.au=00;36:*.flac=00;36:*.m4a=00;36:*.mid=00;36:*.midi=00;36:*.mka=00;36:*.mp3=00;36:*.mpc=00;36:*.ogg=00;36:*.ra=00;36:*.wav=00;36:*.oga=00;36:*.opus=00;36:*.spx=00;36:*.xspf=00;36:'), ('GNOME_TERMINAL_SERVICE', ':1.100'), ('SSH_AGENT_LAUNCHER', 'gnome-keyring'), ('SSH_AUTH_SOCK', '/run/user/1000/keyring/ssh'), ('AMENT_PREFIX_PATH', '/media/psf/Developer/robotics/ros_env/install/ros2_pkg:/opt/ros/humble'), ('SHELL', '/bin/bash'), ('QT_ACCESSIBILITY', '1'), ('GDMSESSION', 'ubuntu'), ('LESSCLOSE', '/usr/bin/lesspipe %s %s'), ('GPG_AGENT_INFO', '/run/user/1000/gnupg/S.gpg-agent:0:1'), ('QT_IM_MODULE', 'ibus'), ('PWD', '/media/psf/Developer/Robotics/char-01/build/ros2_pkg'), ('QT_QPA_PLATFORM', 'xcb'), ('LC_ALL', 'en_US.UTF-8'), ('XDG_CONFIG_DIRS', '/etc/xdg/xdg-ubuntu:/etc/xdg'), ('XDG_DATA_DIRS', '/usr/share/ubuntu:/usr/share/gnome:/usr/local/share/:/usr/share/:/var/lib/snapd/desktop'), ('PYTHONPATH', '/media/psf/Developer/robotics/ros_env/install/ros2_pkg/local/lib/python3.10/dist-packages:/opt/ros/humble/lib/python3.10/site-packages:/opt/ros/humble/local/lib/python3.10/dist-packages'), ('COLCON', '1'), ('VTE_VERSION', '6800'), ('CMAKE_PREFIX_PATH', '/media/psf/Developer/robotics/ros_env/install/ros2_pkg:/opt/ros/humble')]), 'shell': False}
[0.102193] (-) TimerEvent: {}
[0.202691] (-) TimerEvent: {}
[0.263771] (ros2_pkg) StdoutLine: {'line': b'[  1%] Built target ros2_pkg__cpp\n'}
[0.274445] (ros2_pkg) StdoutLine: {'line': b'[  8%] Built target ros2_pkg__rosidl_generator_c\n'}
[0.302787] (-) TimerEvent: {}
[0.334137] (ros2_pkg) StdoutLine: {'line': b'[ 11%] Built target ament_cmake_python_symlink_ros2_pkg\n'}
[0.338405] (ros2_pkg) StdoutLine: {'line': b'[ 11%] Built target publisher\n'}
[0.391885] (ros2_pkg) StdoutLine: {'line': b'[ 14%] Built target subscriber\n'}
[0.402887] (-) TimerEvent: {}
[0.407882] (ros2_pkg) StdoutLine: {'line': b'[ 17%] Built target rpm_pub\n'}
[0.440085] (ros2_pkg) StdoutLine: {'line': b'\x1b[35m\x1b[1mConsolidate compiler generated dependencies of target lidar_node\x1b[0m\n'}
[0.440982] (ros2_pkg) StdoutLine: {'line': b'[ 20%] Built target speed_calc\n'}
[0.503002] (-) TimerEvent: {}
[0.533524] (ros2_pkg) StdoutLine: {'line': b'[ 27%] Built target ros2_pkg__rosidl_typesupport_cpp\n'}
[0.577616] (ros2_pkg) StdoutLine: {'line': b'[ 28%] \x1b[32mBuilding CXX object CMakeFiles/lidar_node.dir/sensors/lidar_node.cc.o\x1b[0m\n'}
[0.603203] (-) TimerEvent: {}
[0.610850] (ros2_pkg) StdoutLine: {'line': b'[ 36%] Built target ros2_pkg__rosidl_typesupport_fastrtps_c\n'}
[0.675959] (ros2_pkg) StdoutLine: {'line': b'[ 43%] Built target ros2_pkg__rosidl_typesupport_fastrtps_cpp\n'}
[0.703323] (-) TimerEvent: {}
[0.758470] (ros2_pkg) StdoutLine: {'line': b'[ 50%] Built target ros2_pkg__rosidl_typesupport_introspection_c\n'}
[0.803459] (-) TimerEvent: {}
[0.818579] (ros2_pkg) StdoutLine: {'line': b'[ 57%] Built target ros2_pkg__rosidl_typesupport_c\n'}
[0.903600] (-) TimerEvent: {}
[0.930559] (ros2_pkg) StdoutLine: {'line': b'[ 65%] Built target ros2_pkg__rosidl_typesupport_introspection_cpp\n'}
[1.003713] (-) TimerEvent: {}
[1.015426] (ros2_pkg) StderrLine: {'line': b'\x1b[01m\x1b[K/media/psf/Developer/Robotics/char-01/ros2_pkg/sensors/lidar_node.cc:5:10:\x1b[m\x1b[K \x1b[01;31m\x1b[Kfatal error: \x1b[m\x1b[Kros/package.h: No such file or directory\n'}
[1.015818] (ros2_pkg) StderrLine: {'line': b'    5 | #include \x1b[01;31m\x1b[K<ros/package.h>\x1b[m\x1b[K\n'}
[1.015942] (ros2_pkg) StderrLine: {'line': b'      |          \x1b[01;31m\x1b[K^~~~~~~~~~~~~~~\x1b[m\x1b[K\n'}
[1.016069] (ros2_pkg) StderrLine: {'line': b'compilation terminated.\n'}
[1.019518] (ros2_pkg) StderrLine: {'line': b'gmake[2]: *** [CMakeFiles/lidar_node.dir/build.make:76: CMakeFiles/lidar_node.dir/sensors/lidar_node.cc.o] Error 1\n'}
[1.020224] (ros2_pkg) StderrLine: {'line': b'gmake[1]: *** [CMakeFiles/Makefile2:878: CMakeFiles/lidar_node.dir/all] Error 2\n'}
[1.023979] (ros2_pkg) StderrLine: {'line': b'gmake[1]: *** Waiting for unfinished jobs....\n'}
[1.103800] (-) TimerEvent: {}
[1.145221] (ros2_pkg) StdoutLine: {'line': b'running egg_info\n'}
[1.145890] (ros2_pkg) StdoutLine: {'line': b'writing ros2_pkg.egg-info/PKG-INFO\n'}
[1.146506] (ros2_pkg) StdoutLine: {'line': b'writing dependency_links to ros2_pkg.egg-info/dependency_links.txt\n'}
[1.147149] (ros2_pkg) StdoutLine: {'line': b'writing top-level names to ros2_pkg.egg-info/top_level.txt\n'}
[1.151207] (ros2_pkg) StdoutLine: {'line': b"reading manifest file 'ros2_pkg.egg-info/SOURCES.txt'\n"}
[1.152619] (ros2_pkg) StdoutLine: {'line': b"writing manifest file 'ros2_pkg.egg-info/SOURCES.txt'\n"}
[1.179035] (ros2_pkg) StdoutLine: {'line': b'[ 65%] Built target ament_cmake_python_build_ros2_pkg_egg\n'}
[1.180488] (ros2_pkg) StderrLine: {'line': b'gmake: *** [Makefile:146: all] Error 2\n'}
[1.182413] (ros2_pkg) CommandEnded: {'returncode': 2}
[1.203871] (-) TimerEvent: {}
[1.304524] (-) TimerEvent: {}
[1.404888] (-) TimerEvent: {}
[1.505390] (-) TimerEvent: {}
[1.535953] (ros2_pkg) JobEnded: {'identifier': 'ros2_pkg', 'rc': 2}
[1.536979] (-) EventReactorShutdown: {}
