[0.000000] (-) TimerEvent: {}
[0.000259] (ros2_pkg) JobQueued: {'identifier': 'ros2_pkg', 'dependencies': OrderedDict()}
[0.000370] (ros2_pkg) JobStarted: {'identifier': 'ros2_pkg'}
[0.036589] (ros2_pkg) JobProgress: {'identifier': 'ros2_pkg', 'progress': 'cmake'}
[0.039749] (ros2_pkg) JobProgress: {'identifier': 'ros2_pkg', 'progress': 'build'}
[0.040644] (ros2_pkg) Command: {'cmd': ['/usr/bin/cmake', '--build', '/media/psf/Developer/Robotics/char-01/ros2_pkg/build/ros2_pkg', '--', '-j2', '-l2'], 'cwd': '/media/psf/Developer/Robotics/char-01/ros2_pkg/build/ros2_pkg', 'env': OrderedDict([('LESSOPEN', '| /usr/bin/lesspipe %s'), ('USER', 'parallels'), ('XDG_SESSION_TYPE', 'x11'), ('SHLVL', '1'), ('LIBGL_ALWAYS_SOFTWARE', '1'), ('LD_LIBRARY_PATH', '/media/psf/Developer/robotics/ros_env/install/ros2_pkg/lib:/opt/ros/humble/opt/rviz_ogre_vendor/lib:/opt/ros/humble/lib/aarch64-linux-gnu:/opt/ros/humble/lib'), ('HOME', '/home/parallels'), ('OLDPWD', '/media/psf/Developer/Robotics/char-01/ros2_pkg/worlds'), ('DESKTOP_SESSION', 'ubuntu'), ('ROS_PYTHON_VERSION', '3'), ('GNOME_SHELL_SESSION_MODE', 'ubuntu'), ('GTK_MODULES', 'gail:atk-bridge'), ('SYSTEMD_EXEC_PID', '4384'), ('DBUS_SESSION_BUS_ADDRESS', 'unix:path=/run/user/1000/bus'), ('COLORTERM', 'truecolor'), ('_colcon_cd_root', '/opt/ros/humble/'), ('COLCON_PREFIX_PATH', '/media/psf/Developer/robotics/ros_env/install'), ('ROS_DISTRO', 'humble'), ('GTK_IM_MODULE', 'ibus'), ('LOGNAME', 'parallels'), ('_', '/usr/bin/colcon'), ('ROS_VERSION', '2'), ('XDG_SESSION_CLASS', 'user'), ('USERNAME', 'parallels'), ('TERM', 'xterm-256color'), ('GNOME_DESKTOP_SESSION_ID', 'this-is-deprecated'), ('ROS_LOCALHOST_ONLY', '0'), ('WINDOWPATH', '2'), ('PATH', '/opt/ros/humble/bin:/usr/local/sbin:/usr/local/bin:/usr/sbin:/usr/bin:/sbin:/bin:/usr/games:/usr/local/games:/snap/bin:/snap/bin'), ('SESSION_MANAGER', 'local/ubuntu-linux-22-04-02-desktop:@/tmp/.ICE-unix/2796,unix/ubuntu-linux-22-04-02-desktop:/tmp/.ICE-unix/2796'), ('XDG_MENU_PREFIX', 'gnome-'), ('GNOME_TERMINAL_SCREEN', '/org/gnome/Terminal/screen/9145736c_7ec5_44b6_9823_20f05851fddc'), ('XDG_RUNTIME_DIR', '/run/user/1000'), ('DISPLAY', ':1'), ('LANG', 'en_US.UTF-8'), ('XDG_CURRENT_DESKTOP', 'ubuntu:GNOME'), ('XMODIFIERS', '@im=ibus'), ('XDG_SESSION_DESKTOP', 'ubuntu'), ('XAUTHORITY', '/run/user/1000/gdm/Xauthority'), ('LS_COLORS', 'rs=0:di=01;34:ln=01;36:mh=00:pi=40;33:so=01;35:do=01;35:bd=40;33;01:cd=40;33;01:or=40;31;01:mi=00:su=37;41:sg=30;43:ca=30;41:tw=30;42:ow=34;42:st=37;44:ex=01;32:*.tar=01;31:*.tgz=01;31:*.arc=01;31:*.arj=01;31:*.taz=01;31:*.lha=01;31:*.lz4=01;31:*.lzh=01;31:*.lzma=01;31:*.tlz=01;31:*.txz=01;31:*.tzo=01;31:*.t7z=01;31:*.zip=01;31:*.z=01;31:*.dz=01;31:*.gz=01;31:*.lrz=01;31:*.lz=01;31:*.lzo=01;31:*.xz=01;31:*.zst=01;31:*.tzst=01;31:*.bz2=01;31:*.bz=01;31:*.tbz=01;31:*.tbz2=01;31:*.tz=01;31:*.deb=01;31:*.rpm=01;31:*.jar=01;31:*.war=01;31:*.ear=01;31:*.sar=01;31:*.rar=01;31:*.alz=01;31:*.ace=01;31:*.zoo=01;31:*.cpio=01;31:*.7z=01;31:*.rz=01;31:*.cab=01;31:*.wim=01;31:*.swm=01;31:*.dwm=01;31:*.esd=01;31:*.jpg=01;35:*.jpeg=01;35:*.mjpg=01;35:*.mjpeg=01;35:*.gif=01;35:*.bmp=01;35:*.pbm=01;35:*.pgm=01;35:*.ppm=01;35:*.tga=01;35:*.xbm=01;35:*.xpm=01;35:*.tif=01;35:*.tiff=01;35:*.png=01;35:*.svg=01;35:*.svgz=01;35:*.mng=01;35:*.pcx=01;35:*.mov=01;35:*.mpg=01;35:*.mpeg=01;35:*.m2v=01;35:*.mkv=01;35:*.webm=01;35:*.webp=01;35:*.ogm=01;35:*.mp4=01;35:*.m4v=01;35:*.mp4v=01;35:*.vob=01;35:*.qt=01;35:*.nuv=01;35:*.wmv=01;35:*.asf=01;35:*.rm=01;35:*.rmvb=01;35:*.flc=01;35:*.avi=01;35:*.fli=01;35:*.flv=01;35:*.gl=01;35:*.dl=01;35:*.xcf=01;35:*.xwd=01;35:*.yuv=01;35:*.cgm=01;35:*.emf=01;35:*.ogv=01;35:*.ogx=01;35:*.aac=00;36:*.au=00;36:*.flac=00;36:*.m4a=00;36:*.mid=00;36:*.midi=00;36:*.mka=00;36:*.mp3=00;36:*.mpc=00;36:*.ogg=00;36:*.ra=00;36:*.wav=00;36:*.oga=00;36:*.opus=00;36:*.spx=00;36:*.xspf=00;36:'), ('GNOME_TERMINAL_SERVICE', ':1.101'), ('SSH_AGENT_LAUNCHER', 'gnome-keyring'), ('SSH_AUTH_SOCK', '/run/user/1000/keyring/ssh'), ('AMENT_PREFIX_PATH', '/media/psf/Developer/robotics/ros_env/install/ros2_pkg:/opt/ros/humble'), ('SHELL', '/bin/bash'), ('QT_ACCESSIBILITY', '1'), ('GDMSESSION', 'ubuntu'), ('LESSCLOSE', '/usr/bin/lesspipe %s %s'), ('GPG_AGENT_INFO', '/run/user/1000/gnupg/S.gpg-agent:0:1'), ('QT_IM_MODULE', 'ibus'), ('PWD', '/media/psf/Developer/Robotics/char-01/ros2_pkg/build/ros2_pkg'), ('QT_QPA_PLATFORM', 'xcb'), ('LC_ALL', 'en_US.UTF-8'), ('XDG_CONFIG_DIRS', '/etc/xdg/xdg-ubuntu:/etc/xdg'), ('XDG_DATA_DIRS', '/usr/share/ubuntu:/usr/share/gnome:/usr/local/share/:/usr/share/:/var/lib/snapd/desktop'), ('PYTHONPATH', '/media/psf/Developer/robotics/ros_env/install/ros2_pkg/local/lib/python3.10/dist-packages:/opt/ros/humble/lib/python3.10/site-packages:/opt/ros/humble/local/lib/python3.10/dist-packages'), ('COLCON', '1'), ('VTE_VERSION', '6800'), ('CMAKE_PREFIX_PATH', '/media/psf/Developer/robotics/ros_env/install/ros2_pkg:/opt/ros/humble')]), 'shell': False}
[0.090921] (ros2_pkg) StdoutLine: {'line': b'-- Found ament_cmake: 1.3.6 (/opt/ros/humble/share/ament_cmake/cmake)\n'}
[0.102914] (-) TimerEvent: {}
[0.203314] (-) TimerEvent: {}
[0.203821] (ros2_pkg) StdoutLine: {'line': b'-- Found rclcpp: 16.0.7 (/opt/ros/humble/share/rclcpp/cmake)\n'}
[0.226151] (ros2_pkg) StdoutLine: {'line': b'-- Found rosidl_generator_c: 3.1.5 (/opt/ros/humble/share/rosidl_generator_c/cmake)\n'}
[0.227982] (ros2_pkg) StdoutLine: {'line': b'-- Found rosidl_adapter: 3.1.5 (/opt/ros/humble/share/rosidl_adapter/cmake)\n'}
[0.235055] (ros2_pkg) StdoutLine: {'line': b'-- Found rosidl_generator_cpp: 3.1.5 (/opt/ros/humble/share/rosidl_generator_cpp/cmake)\n'}
[0.243508] (ros2_pkg) StdoutLine: {'line': b'-- Using all available rosidl_typesupport_c: rosidl_typesupport_fastrtps_c;rosidl_typesupport_introspection_c\n'}
[0.254662] (ros2_pkg) StdoutLine: {'line': b'-- Using all available rosidl_typesupport_cpp: rosidl_typesupport_fastrtps_cpp;rosidl_typesupport_introspection_cpp\n'}
[0.296194] (ros2_pkg) StdoutLine: {'line': b'-- Found rmw_implementation_cmake: 6.1.1 (/opt/ros/humble/share/rmw_implementation_cmake/cmake)\n'}
[0.297314] (ros2_pkg) StdoutLine: {'line': b'-- Found rmw_fastrtps_cpp: 6.2.5 (/opt/ros/humble/share/rmw_fastrtps_cpp/cmake)\n'}
[0.303867] (-) TimerEvent: {}
[0.404086] (-) TimerEvent: {}
[0.431117] (ros2_pkg) StdoutLine: {'line': b"-- Using RMW implementation 'rmw_fastrtps_cpp' as default\n"}
[0.504520] (-) TimerEvent: {}
[0.556170] (ros2_pkg) StdoutLine: {'line': b'-- Found rosidl_default_generators: 1.2.0 (/opt/ros/humble/share/rosidl_default_generators/cmake)\n'}
[0.563175] (ros2_pkg) StdoutLine: {'line': b'-- Found sensor_msgs: 4.2.3 (/opt/ros/humble/share/sensor_msgs/cmake)\n'}
[0.604724] (-) TimerEvent: {}
[0.665621] (ros2_pkg) StdoutLine: {'line': b'-- Found cv_bridge: 3.2.1 (/opt/ros/humble/share/cv_bridge/cmake)\n'}
[0.671201] (ros2_pkg) StdoutLine: {'line': b'-- Found action_msgs: 1.2.1 (/opt/ros/humble/share/action_msgs/cmake)\n'}
[0.704912] (-) TimerEvent: {}
[0.714160] (ros2_pkg) StdoutLine: {'line': b'-- Found rclcpp_action: 16.0.7 (/opt/ros/humble/share/rclcpp_action/cmake)\n'}
[0.805037] (-) TimerEvent: {}
[0.905479] (-) TimerEvent: {}
[1.006055] (-) TimerEvent: {}
[1.011046] (ros2_pkg) StdoutLine: {'line': b'-- Found ament_cmake_cppcheck: 0.12.9 (/opt/ros/humble/share/ament_cmake_cppcheck/cmake)\n'}
[1.011927] (ros2_pkg) StdoutLine: {'line': b'-- Found ament_cmake_cpplint: 0.12.9 (/opt/ros/humble/share/ament_cmake_cpplint/cmake)\n'}
[1.012640] (ros2_pkg) StdoutLine: {'line': b'-- Found ament_cmake_uncrustify: 0.12.9 (/opt/ros/humble/share/ament_cmake_uncrustify/cmake)\n'}
[1.013557] (ros2_pkg) StdoutLine: {'line': b'-- Found ament_cmake_ros: 0.10.0 (/opt/ros/humble/share/ament_cmake_ros/cmake)\n'}
[1.106173] (-) TimerEvent: {}
[1.206588] (-) TimerEvent: {}
[1.307838] (-) TimerEvent: {}
[1.408513] (-) TimerEvent: {}
[1.509138] (-) TimerEvent: {}
[1.542825] (ros2_pkg) StdoutLine: {'line': b'-- Using all available rosidl_typesupport_c: rosidl_typesupport_fastrtps_c;rosidl_typesupport_introspection_c\n'}
[1.609239] (-) TimerEvent: {}
[1.709504] (-) TimerEvent: {}
[1.750907] (ros2_pkg) StdoutLine: {'line': b'-- Using all available rosidl_typesupport_cpp: rosidl_typesupport_fastrtps_cpp;rosidl_typesupport_introspection_cpp\n'}
[1.767241] (ros2_pkg) StdoutLine: {'line': b'-- Found python_cmake_module: 0.10.0 (/opt/ros/humble/share/python_cmake_module/cmake)\n'}
[1.781520] (ros2_pkg) StdoutLine: {'line': b'-- Using PYTHON_EXECUTABLE: /usr/bin/python3\n'}
[1.781994] (ros2_pkg) StdoutLine: {'line': b'-- Using PYTHON_INCLUDE_DIRS: /usr/include/python3.10\n'}
[1.782421] (ros2_pkg) StdoutLine: {'line': b'-- Using PYTHON_LIBRARIES: /usr/lib/aarch64-linux-gnu/libpython3.10.so\n'}
[1.809580] (-) TimerEvent: {}
[1.868642] (ros2_pkg) StdoutLine: {'line': b'-- Found ament_cmake_flake8: 0.12.9 (/opt/ros/humble/share/ament_cmake_flake8/cmake)\n'}
[1.869141] (ros2_pkg) StdoutLine: {'line': b'-- Found ament_cmake_pep257: 0.12.9 (/opt/ros/humble/share/ament_cmake_pep257/cmake)\n'}
[1.881207] (ros2_pkg) StdoutLine: {'line': b'-- Found ament_lint_auto: 0.12.9 (/opt/ros/humble/share/ament_lint_auto/cmake)\n'}
[1.909864] (-) TimerEvent: {}
[2.010193] (-) TimerEvent: {}
[2.110517] (-) TimerEvent: {}
[2.210965] (-) TimerEvent: {}
[2.311339] (-) TimerEvent: {}
[2.411669] (-) TimerEvent: {}
[2.511986] (-) TimerEvent: {}
[2.550287] (ros2_pkg) StdoutLine: {'line': b"-- Added test 'cppcheck' to perform static code analysis on C / C++ code\n"}
[2.551208] (ros2_pkg) StdoutLine: {'line': b'-- Configured cppcheck include dirs: $<BUILD_INTERFACE:/media/psf/Developer/Robotics/char-01/ros2_pkg/build/ros2_pkg/rosidl_generator_c>;$<BUILD_INTERFACE:/media/psf/Developer/Robotics/char-01/ros2_pkg/build/ros2_pkg/rosidl_typesupport_fastrtps_c>;$<BUILD_INTERFACE:/media/psf/Developer/Robotics/char-01/ros2_pkg/build/ros2_pkg/rosidl_generator_cpp>;$<BUILD_INTERFACE:/media/psf/Developer/Robotics/char-01/ros2_pkg/build/ros2_pkg/rosidl_typesupport_fastrtps_cpp>;$<BUILD_INTERFACE:/media/psf/Developer/Robotics/char-01/ros2_pkg/build/ros2_pkg/rosidl_typesupport_introspection_c>;$<BUILD_INTERFACE:/media/psf/Developer/Robotics/char-01/ros2_pkg/build/ros2_pkg/rosidl_typesupport_introspection_cpp>;/media/psf/Developer/Robotics/char-01/ros2_pkg/build/ros2_pkg/rosidl_generator_c;/media/psf/Developer/Robotics/char-01/ros2_pkg/build/ros2_pkg/rosidl_generator_py\n'}
[2.551530] (ros2_pkg) StdoutLine: {'line': b'-- Configured cppcheck exclude dirs and/or files: \n'}
[2.612085] (-) TimerEvent: {}
[2.712388] (-) TimerEvent: {}
[2.812717] (-) TimerEvent: {}
[2.913031] (-) TimerEvent: {}
[3.013370] (-) TimerEvent: {}
[3.113954] (-) TimerEvent: {}
[3.132334] (ros2_pkg) StdoutLine: {'line': b"-- Added test 'cpplint' to check C / C++ code against the Google style\n"}
[3.132575] (ros2_pkg) StdoutLine: {'line': b'-- Configured cpplint exclude dirs and/or files: \n'}
[3.214069] (-) TimerEvent: {}
[3.314383] (-) TimerEvent: {}
[3.414739] (-) TimerEvent: {}
[3.515085] (-) TimerEvent: {}
[3.615401] (-) TimerEvent: {}
[3.715724] (-) TimerEvent: {}
[3.724262] (ros2_pkg) StdoutLine: {'line': b"-- Added test 'uncrustify' to check C / C++ code style\n"}
[3.724541] (ros2_pkg) StdoutLine: {'line': b'-- Configured uncrustify additional arguments: \n'}
[3.794705] (ros2_pkg) StdoutLine: {'line': b"-- Added test 'flake8' to check Python code syntax and style conventions\n"}
[3.815798] (-) TimerEvent: {}
[3.865811] (ros2_pkg) StdoutLine: {'line': b"-- Added test 'pep257' to check Python code against some of the docstring style conventions in PEP 257\n"}
[3.866426] (ros2_pkg) StdoutLine: {'line': b"-- Added test 'copyright' to check source files copyright and LICENSE\n"}
[3.915914] (-) TimerEvent: {}
[4.005638] (ros2_pkg) StdoutLine: {'line': b"-- Added test 'lint_cmake' to check CMake code style\n"}
[4.015995] (-) TimerEvent: {}
[4.110237] (ros2_pkg) StdoutLine: {'line': b"-- Added test 'xmllint' to check XML markup files\n"}
[4.116074] (-) TimerEvent: {}
[4.120798] (ros2_pkg) StdoutLine: {'line': b'-- Configuring done\n'}
[4.216203] (-) TimerEvent: {}
[4.316526] (-) TimerEvent: {}
[4.416796] (-) TimerEvent: {}
[4.456987] (ros2_pkg) StdoutLine: {'line': b'-- Generating done\n'}
[4.486263] (ros2_pkg) StdoutLine: {'line': b'-- Build files have been written to: /media/psf/Developer/Robotics/char-01/ros2_pkg/build/ros2_pkg\n'}
[4.516894] (-) TimerEvent: {}
[4.532985] (ros2_pkg) StdoutLine: {'line': b'\x1b[35m\x1b[1mConsolidate compiler generated dependencies of target ros2_pkg__rosidl_generator_c\x1b[0m\n'}
[4.545566] (ros2_pkg) StdoutLine: {'line': b'[  1%] Built target ros2_pkg__cpp\n'}
[4.561726] (ros2_pkg) StdoutLine: {'line': b'[  8%] Built target ros2_pkg__rosidl_generator_c\n'}
[4.576924] (ros2_pkg) StdoutLine: {'line': b'\x1b[35m\x1b[1mConsolidate compiler generated dependencies of target publisher\x1b[0m\n'}
[4.587377] (ros2_pkg) StdoutLine: {'line': b'[  8%] Built target ament_cmake_python_copy_ros2_pkg\n'}
[4.610075] (ros2_pkg) StdoutLine: {'line': b'\x1b[35m\x1b[1mConsolidate compiler generated dependencies of target subscriber\x1b[0m\n'}
[4.616977] (-) TimerEvent: {}
[4.700514] (ros2_pkg) StdoutLine: {'line': b'[ 11%] Built target publisher\n'}
[4.717073] (-) TimerEvent: {}
[4.727745] (ros2_pkg) StdoutLine: {'line': b'\x1b[35m\x1b[1mConsolidate compiler generated dependencies of target rpm_pub\x1b[0m\n'}
[4.738455] (ros2_pkg) StdoutLine: {'line': b'[ 14%] Built target subscriber\n'}
[4.773202] (ros2_pkg) StdoutLine: {'line': b'\x1b[35m\x1b[1mConsolidate compiler generated dependencies of target speed_calc\x1b[0m\n'}
[4.817184] (-) TimerEvent: {}
[4.867058] (ros2_pkg) StdoutLine: {'line': b'[ 17%] Built target rpm_pub\n'}
[4.883928] (ros2_pkg) StdoutLine: {'line': b'[ 20%] Built target speed_calc\n'}
[4.900036] (ros2_pkg) StdoutLine: {'line': b'[ 21%] \x1b[32mBuilding CXX object CMakeFiles/lidar_node.dir/sensors/lidar_node.cc.o\x1b[0m\n'}
[4.900913] (ros2_pkg) StdoutLine: {'line': b'\x1b[35m\x1b[1mConsolidate compiler generated dependencies of target ros2_pkg__rosidl_typesupport_cpp\x1b[0m\n'}
[4.914986] (ros2_pkg) StderrLine: {'line': b'\x1b[01m\x1b[K/media/psf/Developer/Robotics/char-01/ros2_pkg/sensors/lidar_node.cc:1:10:\x1b[m\x1b[K \x1b[01;31m\x1b[Kfatal error: \x1b[m\x1b[Kignition/msgs/twist.pb.h: No such file or directory\n'}
[4.915353] (ros2_pkg) StderrLine: {'line': b'    1 | #include \x1b[01;31m\x1b[K<ignition/msgs/twist.pb.h>\x1b[m\x1b[K\n'}
[4.915616] (ros2_pkg) StderrLine: {'line': b'      |          \x1b[01;31m\x1b[K^~~~~~~~~~~~~~~~~~~~~~~~~~\x1b[m\x1b[K\n'}
[4.915947] (ros2_pkg) StderrLine: {'line': b'compilation terminated.\n'}
[4.916506] (ros2_pkg) StderrLine: {'line': b'gmake[2]: *** [CMakeFiles/lidar_node.dir/build.make:76: CMakeFiles/lidar_node.dir/sensors/lidar_node.cc.o] Error 1\n'}
[4.916980] (ros2_pkg) StderrLine: {'line': b'gmake[1]: *** [CMakeFiles/Makefile2:878: CMakeFiles/lidar_node.dir/all] Error 2\n'}
[4.917263] (-) TimerEvent: {}
[4.917470] (ros2_pkg) StderrLine: {'line': b'gmake[1]: *** Waiting for unfinished jobs....\n'}
[4.947572] (ros2_pkg) StdoutLine: {'line': b'[ 28%] Built target ros2_pkg__rosidl_typesupport_cpp\n'}
[4.949956] (ros2_pkg) StderrLine: {'line': b'gmake: *** [Makefile:146: all] Error 2\n'}
[4.951704] (ros2_pkg) CommandEnded: {'returncode': 2}
[5.017354] (-) TimerEvent: {}
[5.117772] (-) TimerEvent: {}
[5.218615] (-) TimerEvent: {}
[5.225926] (ros2_pkg) JobEnded: {'identifier': 'ros2_pkg', 'rc': 2}
[5.236634] (-) EventReactorShutdown: {}
