[0.048s] Invoking command in '/media/psf/Developer/Robotics/char-01/build/ros2_pkg': CMAKE_PREFIX_PATH=${CMAKE_PREFIX_PATH}:/opt/ros/humble /usr/bin/cmake --build /media/psf/Developer/Robotics/char-01/build/ros2_pkg -- -j2 -l2
[0.091s] -- Found ament_cmake: 1.3.6 (/opt/ros/humble/share/ament_cmake/cmake)
[0.193s] -- Override CMake install command with custom implementation using symlinks instead of copying resources
[0.203s] -- Found rclcpp: 16.0.7 (/opt/ros/humble/share/rclcpp/cmake)
[0.227s] -- Found rosidl_generator_c: 3.1.5 (/opt/ros/humble/share/rosidl_generator_c/cmake)
[0.228s] -- Found rosidl_adapter: 3.1.5 (/opt/ros/humble/share/rosidl_adapter/cmake)
[0.233s] -- Found rosidl_generator_cpp: 3.1.5 (/opt/ros/humble/share/rosidl_generator_cpp/cmake)
[0.241s] -- Using all available rosidl_typesupport_c: rosidl_typesupport_fastrtps_c;rosidl_typesupport_introspection_c
[0.251s] -- Using all available rosidl_typesupport_cpp: rosidl_typesupport_fastrtps_cpp;rosidl_typesupport_introspection_cpp
[0.292s] -- Found rmw_implementation_cmake: 6.1.1 (/opt/ros/humble/share/rmw_implementation_cmake/cmake)
[0.293s] -- Found rmw_fastrtps_cpp: 6.2.5 (/opt/ros/humble/share/rmw_fastrtps_cpp/cmake)
[0.422s] -- Using RMW implementation 'rmw_fastrtps_cpp' as default
[0.571s] -- Found rosidl_default_generators: 1.2.0 (/opt/ros/humble/share/rosidl_default_generators/cmake)
[0.576s] -- Found sensor_msgs: 4.2.3 (/opt/ros/humble/share/sensor_msgs/cmake)
[0.680s] -- Found cv_bridge: 3.2.1 (/opt/ros/humble/share/cv_bridge/cmake)
[0.687s] -- Found action_msgs: 1.2.1 (/opt/ros/humble/share/action_msgs/cmake)
[0.730s] -- Found rclcpp_action: 16.0.7 (/opt/ros/humble/share/rclcpp_action/cmake)
[1.001s] -- Found ament_cmake_cppcheck: 0.12.9 (/opt/ros/humble/share/ament_cmake_cppcheck/cmake)
[1.002s] -- Found ament_cmake_cpplint: 0.12.9 (/opt/ros/humble/share/ament_cmake_cpplint/cmake)
[1.002s] -- Found ament_cmake_uncrustify: 0.12.9 (/opt/ros/humble/share/ament_cmake_uncrustify/cmake)
[1.003s] -- Found ament_cmake_ros: 0.10.0 (/opt/ros/humble/share/ament_cmake_ros/cmake)
[1.556s] -- Using all available rosidl_typesupport_c: rosidl_typesupport_fastrtps_c;rosidl_typesupport_introspection_c
[1.766s] -- Using all available rosidl_typesupport_cpp: rosidl_typesupport_fastrtps_cpp;rosidl_typesupport_introspection_cpp
[1.782s] -- Found python_cmake_module: 0.10.0 (/opt/ros/humble/share/python_cmake_module/cmake)
[1.797s] -- Using PYTHON_EXECUTABLE: /usr/bin/python3
[1.797s] -- Using PYTHON_INCLUDE_DIRS: /usr/include/python3.10
[1.797s] -- Using PYTHON_LIBRARIES: /usr/lib/aarch64-linux-gnu/libpython3.10.so
[1.882s] -- Found ament_cmake_flake8: 0.12.9 (/opt/ros/humble/share/ament_cmake_flake8/cmake)
[1.883s] -- Found ament_cmake_pep257: 0.12.9 (/opt/ros/humble/share/ament_cmake_pep257/cmake)
[1.899s] -- Found ament_lint_auto: 0.12.9 (/opt/ros/humble/share/ament_lint_auto/cmake)
[2.575s] -- Added test 'cppcheck' to perform static code analysis on C / C++ code
[2.577s] -- Configured cppcheck include dirs: 
[2.577s] -- Configured cppcheck exclude dirs and/or files: 
[3.143s] -- Added test 'cpplint' to check C / C++ code against the Google style
[3.143s] -- Configured cpplint exclude dirs and/or files: 
[3.696s] -- Added test 'uncrustify' to check C / C++ code style
[3.696s] -- Configured uncrustify additional arguments: 
[3.769s] -- Added test 'flake8' to check Python code syntax and style conventions
[3.839s] -- Added test 'pep257' to check Python code against some of the docstring style conventions in PEP 257
[3.840s] -- Added test 'copyright' to check source files copyright and LICENSE
[3.998s] -- Added test 'lint_cmake' to check CMake code style
[4.129s] -- Added test 'xmllint' to check XML markup files
[4.146s] -- Configuring done
[4.484s] -- Generating done
[4.523s] -- Build files have been written to: /media/psf/Developer/Robotics/char-01/build/ros2_pkg
[4.562s] [35m[1mConsolidate compiler generated dependencies of target ros2_pkg__rosidl_generator_c[0m
[4.576s] [  1%] Built target ros2_pkg__cpp
[4.590s] [  8%] Built target ros2_pkg__rosidl_generator_c
[4.606s] [35m[1mConsolidate compiler generated dependencies of target publisher[0m
[4.619s] [  8%] Built target ament_cmake_python_symlink_ros2_pkg
[4.643s] [35m[1mConsolidate compiler generated dependencies of target subscriber[0m
[4.721s] [ 11%] Built target publisher
[4.735s] [ 14%] Built target subscriber
[4.740s] [35m[1mConsolidate compiler generated dependencies of target rpm_pub[0m
[4.755s] [35m[1mConsolidate compiler generated dependencies of target speed_calc[0m
[4.824s] [ 17%] Built target rpm_pub
[4.863s] [ 21%] Built target speed_calc
[4.863s] [ 21%] [32mBuilding CXX object CMakeFiles/lidar_node.dir/sensors/lidar_node.cc.o[0m
[4.877s] [01m[K/media/psf/Developer/Robotics/char-01/ros2_pkg/sensors/lidar_node.cc:1:10:[m[K [01;31m[Kfatal error: [m[Kignition/msgs/twist.pb.h: No such file or directory
[4.878s]     1 | #include [01;31m[K<ignition/msgs/twist.pb.h>[m[K
[4.878s]       |          [01;31m[K^~~~~~~~~~~~~~~~~~~~~~~~~~[m[K
[4.878s] compilation terminated.
[4.879s] gmake[2]: *** [CMakeFiles/lidar_node.dir/build.make:76: CMakeFiles/lidar_node.dir/sensors/lidar_node.cc.o] Error 1
[4.880s] gmake[1]: *** [CMakeFiles/Makefile2:878: CMakeFiles/lidar_node.dir/all] Error 2
[4.880s] gmake[1]: *** Waiting for unfinished jobs....
[4.880s] [35m[1mConsolidate compiler generated dependencies of target ros2_pkg__rosidl_typesupport_cpp[0m
[4.949s] [ 28%] Built target ros2_pkg__rosidl_typesupport_cpp
[4.952s] gmake: *** [Makefile:146: all] Error 2
[4.954s] Invoked command in '/media/psf/Developer/Robotics/char-01/build/ros2_pkg' returned '2': CMAKE_PREFIX_PATH=${CMAKE_PREFIX_PATH}:/opt/ros/humble /usr/bin/cmake --build /media/psf/Developer/Robotics/char-01/build/ros2_pkg -- -j2 -l2
