[0.043s] Invoking command in '/media/psf/Developer/Robotics/char-01/ros2_pkg/build/ros2_pkg': CMAKE_PREFIX_PATH=${CMAKE_PREFIX_PATH}:/opt/ros/humble /usr/bin/cmake /media/psf/Developer/Robotics/char-01/ros2_pkg -DCMAKE_INSTALL_PREFIX=/media/psf/Developer/Robotics/char-01/ros2_pkg/install/ros2_pkg
[0.062s] -- Found ament_cmake: 1.3.6 (/opt/ros/humble/share/ament_cmake/cmake)
[0.165s] -- Found rclcpp: 16.0.7 (/opt/ros/humble/share/rclcpp/cmake)
[0.192s] -- Found rosidl_generator_c: 3.1.5 (/opt/ros/humble/share/rosidl_generator_c/cmake)
[0.194s] -- Found rosidl_adapter: 3.1.5 (/opt/ros/humble/share/rosidl_adapter/cmake)
[0.198s] -- Found rosidl_generator_cpp: 3.1.5 (/opt/ros/humble/share/rosidl_generator_cpp/cmake)
[0.207s] -- Using all available rosidl_typesupport_c: rosidl_typesupport_fastrtps_c;rosidl_typesupport_introspection_c
[0.220s] -- Using all available rosidl_typesupport_cpp: rosidl_typesupport_fastrtps_cpp;rosidl_typesupport_introspection_cpp
[0.275s] -- Found rmw_implementation_cmake: 6.1.1 (/opt/ros/humble/share/rmw_implementation_cmake/cmake)
[0.276s] -- Found rmw_fastrtps_cpp: 6.2.5 (/opt/ros/humble/share/rmw_fastrtps_cpp/cmake)
[0.402s] -- Using RMW implementation 'rmw_fastrtps_cpp' as default
[0.566s] -- Found rosidl_default_generators: 1.2.0 (/opt/ros/humble/share/rosidl_default_generators/cmake)
[0.574s] -- Found sensor_msgs: 4.2.3 (/opt/ros/humble/share/sensor_msgs/cmake)
[0.682s] -- Found cv_bridge: 3.2.1 (/opt/ros/humble/share/cv_bridge/cmake)
[0.688s] -- Found action_msgs: 1.2.1 (/opt/ros/humble/share/action_msgs/cmake)
[0.733s] -- Found rclcpp_action: 16.0.7 (/opt/ros/humble/share/rclcpp_action/cmake)
[1.016s] -- Found ament_cmake_cppcheck: 0.12.9 (/opt/ros/humble/share/ament_cmake_cppcheck/cmake)
[1.017s] -- Found ament_cmake_cpplint: 0.12.9 (/opt/ros/humble/share/ament_cmake_cpplint/cmake)
[1.018s] -- Found ament_cmake_uncrustify: 0.12.9 (/opt/ros/humble/share/ament_cmake_uncrustify/cmake)
[1.019s] -- Found ament_cmake_ros: 0.10.0 (/opt/ros/humble/share/ament_cmake_ros/cmake)
[1.579s] -- Using all available rosidl_typesupport_c: rosidl_typesupport_fastrtps_c;rosidl_typesupport_introspection_c
[1.804s] -- Using all available rosidl_typesupport_cpp: rosidl_typesupport_fastrtps_cpp;rosidl_typesupport_introspection_cpp
[1.821s] -- Found python_cmake_module: 0.10.0 (/opt/ros/humble/share/python_cmake_module/cmake)
[1.837s] -- Using PYTHON_EXECUTABLE: /usr/bin/python3
[1.837s] -- Using PYTHON_INCLUDE_DIRS: /usr/include/python3.10
[1.838s] -- Using PYTHON_LIBRARIES: /usr/lib/aarch64-linux-gnu/libpython3.10.so
[1.923s] -- Found ament_cmake_flake8: 0.12.9 (/opt/ros/humble/share/ament_cmake_flake8/cmake)
[1.924s] -- Found ament_cmake_pep257: 0.12.9 (/opt/ros/humble/share/ament_cmake_pep257/cmake)
[1.936s] -- Found ament_lint_auto: 0.12.9 (/opt/ros/humble/share/ament_lint_auto/cmake)
[2.169s] -- Added test 'cppcheck' to perform static code analysis on C / C++ code
[2.170s] -- Configured cppcheck include dirs: $<BUILD_INTERFACE:/media/psf/Developer/Robotics/char-01/ros2_pkg/build/ros2_pkg/rosidl_generator_c>;$<BUILD_INTERFACE:/media/psf/Developer/Robotics/char-01/ros2_pkg/build/ros2_pkg/rosidl_typesupport_fastrtps_c>;$<BUILD_INTERFACE:/media/psf/Developer/Robotics/char-01/ros2_pkg/build/ros2_pkg/rosidl_generator_cpp>;$<BUILD_INTERFACE:/media/psf/Developer/Robotics/char-01/ros2_pkg/build/ros2_pkg/rosidl_typesupport_fastrtps_cpp>;$<BUILD_INTERFACE:/media/psf/Developer/Robotics/char-01/ros2_pkg/build/ros2_pkg/rosidl_typesupport_introspection_c>;$<BUILD_INTERFACE:/media/psf/Developer/Robotics/char-01/ros2_pkg/build/ros2_pkg/rosidl_typesupport_introspection_cpp>;/media/psf/Developer/Robotics/char-01/ros2_pkg/build/ros2_pkg/rosidl_generator_c;/media/psf/Developer/Robotics/char-01/ros2_pkg/build/ros2_pkg/rosidl_generator_py
[2.170s] -- Configured cppcheck exclude dirs and/or files: 
[2.389s] -- Added test 'cpplint' to check C / C++ code against the Google style
[2.389s] -- Configured cpplint exclude dirs and/or files: 
[2.600s] -- Added test 'uncrustify' to check C / C++ code style
[2.601s] -- Configured uncrustify additional arguments: 
[2.626s] -- Added test 'flake8' to check Python code syntax and style conventions
[2.654s] -- Added test 'pep257' to check Python code against some of the docstring style conventions in PEP 257
[2.654s] -- Added test 'copyright' to check source files copyright and LICENSE
[2.703s] -- Added test 'lint_cmake' to check CMake code style
[2.729s] -- Added test 'xmllint' to check XML markup files
[2.738s] -- Configuring done
[3.079s] -- Generating done
[3.104s] -- Build files have been written to: /media/psf/Developer/Robotics/char-01/ros2_pkg/build/ros2_pkg
[3.113s] Invoked command in '/media/psf/Developer/Robotics/char-01/ros2_pkg/build/ros2_pkg' returned '0': CMAKE_PREFIX_PATH=${CMAKE_PREFIX_PATH}:/opt/ros/humble /usr/bin/cmake /media/psf/Developer/Robotics/char-01/ros2_pkg -DCMAKE_INSTALL_PREFIX=/media/psf/Developer/Robotics/char-01/ros2_pkg/install/ros2_pkg
[3.116s] Invoking command in '/media/psf/Developer/Robotics/char-01/ros2_pkg/build/ros2_pkg': CMAKE_PREFIX_PATH=${CMAKE_PREFIX_PATH}:/opt/ros/humble /usr/bin/cmake --build /media/psf/Developer/Robotics/char-01/ros2_pkg/build/ros2_pkg -- -j2 -l2
[3.197s] [  1%] [34m[1mGenerating C code for ROS interfaces[0m
[3.241s] [  2%] [34m[1mGenerating C++ code for ROS interfaces[0m
[3.966s] [  2%] Built target ros2_pkg__cpp
[4.010s] [  4%] [32mBuilding C object CMakeFiles/ros2_pkg__rosidl_generator_c.dir/rosidl_generator_c/ros2_pkg/srv/detail/odd_even_check__functions.c.o[0m
[4.072s] [  4%] Built target ament_cmake_python_copy_ros2_pkg
[4.196s] [  5%] [32mBuilding CXX object CMakeFiles/publisher.dir/src/publisher.cpp.o[0m
[4.244s] [  7%] [32mBuilding C object CMakeFiles/ros2_pkg__rosidl_generator_c.dir/rosidl_generator_c/ros2_pkg/srv/detail/turn_camera__functions.c.o[0m
[4.391s] [  8%] [32mBuilding C object CMakeFiles/ros2_pkg__rosidl_generator_c.dir/rosidl_generator_c/ros2_pkg/action/detail/navigate__functions.c.o[0m
[4.706s] [ 10%] [32m[1mLinking C shared library libros2_pkg__rosidl_generator_c.so[0m
[4.853s] [ 10%] Built target ros2_pkg__rosidl_generator_c
[4.943s] [ 11%] [32mBuilding CXX object CMakeFiles/subscriber.dir/src/subscriber.cpp.o[0m
[11.730s] [ 13%] [32m[1mLinking CXX executable publisher[0m
[12.134s] [ 13%] Built target publisher
[12.217s] [ 14%] [32mBuilding CXX object CMakeFiles/rpm_pub.dir/src/rpm_pub.cpp.o[0m
[17.063s] [ 15%] [32m[1mLinking CXX executable subscriber[0m
[17.849s] [ 15%] Built target subscriber
[17.902s] [ 17%] [32m[1mLinking CXX executable rpm_pub[0m
[17.939s] [ 18%] [32mBuilding CXX object CMakeFiles/speed_calc.dir/src/speed_calc.cpp.o[0m
[18.151s] [ 18%] Built target rpm_pub
[18.211s] [ 20%] [32mBuilding CXX object CMakeFiles/lidar_node.dir/sensors/lidar_node.cc.o[0m
[18.236s] [01m[K/media/psf/Developer/Robotics/char-01/ros2_pkg/sensors/lidar_node.cc:1:10:[m[K [01;31m[Kfatal error: [m[Kignition/msgs/twist.pb.h: No such file or directory
[18.239s]     1 | #include [01;31m[K<ignition/msgs/twist.pb.h>[m[K
[18.240s]       |          [01;31m[K^~~~~~~~~~~~~~~~~~~~~~~~~~[m[K
[18.240s] compilation terminated.
[18.240s] gmake[2]: *** [CMakeFiles/lidar_node.dir/build.make:76: CMakeFiles/lidar_node.dir/sensors/lidar_node.cc.o] Error 1
[18.241s] gmake[1]: *** [CMakeFiles/Makefile2:878: CMakeFiles/lidar_node.dir/all] Error 2
[18.241s] gmake[1]: *** Waiting for unfinished jobs....
[22.838s] [ 21%] [32m[1mLinking CXX executable speed_calc[0m
[23.231s] [ 21%] Built target speed_calc
[23.234s] gmake: *** [Makefile:146: all] Error 2
[23.280s] Invoked command in '/media/psf/Developer/Robotics/char-01/ros2_pkg/build/ros2_pkg' returned '2': CMAKE_PREFIX_PATH=${CMAKE_PREFIX_PATH}:/opt/ros/humble /usr/bin/cmake --build /media/psf/Developer/Robotics/char-01/ros2_pkg/build/ros2_pkg -- -j2 -l2
