[0.089s] Invoking command in '/media/psf/Developer/Robotics/char-01/char_01/build/ros2_pkg': CMAKE_PREFIX_PATH=${CMAKE_PREFIX_PATH}:/opt/ros/humble /usr/bin/cmake /media/psf/Developer/Robotics/char-01/char_01/ros2_pkg -DCMAKE_INSTALL_PREFIX=/media/psf/Developer/Robotics/char-01/char_01/install/ros2_pkg
[0.286s] -- The C compiler identification is GNU 11.4.0
[0.430s] -- The CXX compiler identification is GNU 11.4.0
[0.446s] -- Detecting C compiler ABI info
[0.601s] -- Detecting C compiler ABI info - done
[0.608s] -- Check for working C compiler: /usr/bin/cc - skipped
[0.609s] -- Detecting C compile features
[0.610s] -- Detecting C compile features - done
[0.615s] -- Detecting CXX compiler ABI info
[0.787s] -- Detecting CXX compiler ABI info - done
[0.794s] -- Check for working CXX compiler: /usr/bin/c++ - skipped
[0.795s] -- Detecting CXX compile features
[0.795s] -- Detecting CXX compile features - done
[0.804s] -- Found ament_cmake: 1.3.6 (/opt/ros/humble/share/ament_cmake/cmake)
[0.995s] -- Found Python3: /usr/bin/python3.10 (found version "3.10.12") found components: Interpreter 
[1.140s] -- Found rclcpp: 16.0.7 (/opt/ros/humble/share/rclcpp/cmake)
[1.234s] -- Found rosidl_generator_c: 3.1.5 (/opt/ros/humble/share/rosidl_generator_c/cmake)
[1.248s] -- Found rosidl_adapter: 3.1.5 (/opt/ros/humble/share/rosidl_adapter/cmake)
[1.265s] -- Found rosidl_generator_cpp: 3.1.5 (/opt/ros/humble/share/rosidl_generator_cpp/cmake)
[1.295s] -- Using all available rosidl_typesupport_c: rosidl_typesupport_fastrtps_c;rosidl_typesupport_introspection_c
[1.329s] -- Using all available rosidl_typesupport_cpp: rosidl_typesupport_fastrtps_cpp;rosidl_typesupport_introspection_cpp
[1.430s] -- Found rmw_implementation_cmake: 6.1.1 (/opt/ros/humble/share/rmw_implementation_cmake/cmake)
[1.437s] -- Found rmw_fastrtps_cpp: 6.2.5 (/opt/ros/humble/share/rmw_fastrtps_cpp/cmake)
[1.597s] -- Found OpenSSL: /usr/lib/aarch64-linux-gnu/libcrypto.so (found version "3.0.2")  
[1.630s] -- Found FastRTPS: /opt/ros/humble/include  
[1.682s] -- Using RMW implementation 'rmw_fastrtps_cpp' as default
[1.705s] -- Looking for pthread.h
[1.864s] -- Looking for pthread.h - found
[1.865s] -- Performing Test CMAKE_HAVE_LIBC_PTHREAD
[1.980s] -- Performing Test CMAKE_HAVE_LIBC_PTHREAD - Success
[1.981s] -- Found Threads: TRUE  
[2.150s] -- Found rosidl_default_generators: 1.2.0 (/opt/ros/humble/share/rosidl_default_generators/cmake)
[2.165s] -- Found sensor_msgs: 4.2.3 (/opt/ros/humble/share/sensor_msgs/cmake)
[2.284s] -- Found OpenCV: /usr (found version "4.5.4") 
[2.287s] -- Found cv_bridge: 3.2.1 (/opt/ros/humble/share/cv_bridge/cmake)
[2.298s] -- Found action_msgs: 1.2.1 (/opt/ros/humble/share/action_msgs/cmake)
[2.356s] -- Found rclcpp_action: 16.0.7 (/opt/ros/humble/share/rclcpp_action/cmake)
[2.768s] -- Found ament_cmake_cppcheck: 0.12.9 (/opt/ros/humble/share/ament_cmake_cppcheck/cmake)
[2.774s] -- Found ament_cmake_cpplint: 0.12.9 (/opt/ros/humble/share/ament_cmake_cpplint/cmake)
[2.782s] -- Found ament_cmake_uncrustify: 0.12.9 (/opt/ros/humble/share/ament_cmake_uncrustify/cmake)
[2.788s] -- Found ament_cmake_ros: 0.10.0 (/opt/ros/humble/share/ament_cmake_ros/cmake)
[3.461s] -- Using all available rosidl_typesupport_c: rosidl_typesupport_fastrtps_c;rosidl_typesupport_introspection_c
[3.739s] -- Using all available rosidl_typesupport_cpp: rosidl_typesupport_fastrtps_cpp;rosidl_typesupport_introspection_cpp
[3.765s] -- Found PythonInterp: /usr/bin/python3 (found suitable version "3.10.12", minimum required is "3.6") 
[3.774s] -- Found python_cmake_module: 0.10.0 (/opt/ros/humble/share/python_cmake_module/cmake)
[3.806s] -- Found PythonLibs: /usr/lib/aarch64-linux-gnu/libpython3.10.so (found suitable version "3.10.12", minimum required is "3.5") 
[3.807s] -- Using PYTHON_EXECUTABLE: /usr/bin/python3
[3.807s] -- Using PYTHON_INCLUDE_DIRS: /usr/include/python3.10
[3.807s] -- Using PYTHON_LIBRARIES: /usr/lib/aarch64-linux-gnu/libpython3.10.so
[3.826s] -- Found PythonExtra: .so  
[4.020s] -- Found ament_cmake_flake8: 0.12.9 (/opt/ros/humble/share/ament_cmake_flake8/cmake)
[4.026s] -- Found ament_cmake_pep257: 0.12.9 (/opt/ros/humble/share/ament_cmake_pep257/cmake)
[4.048s] -- Found ament_lint_auto: 0.12.9 (/opt/ros/humble/share/ament_lint_auto/cmake)
[4.161s] -- Added test 'cppcheck' to perform static code analysis on C / C++ code
[4.163s] -- Configured cppcheck include dirs: 
[4.163s] -- Configured cppcheck exclude dirs and/or files: 
[4.216s] -- Added test 'cpplint' to check C / C++ code against the Google style
[4.217s] -- Configured cpplint exclude dirs and/or files: 
[4.264s] -- Added test 'uncrustify' to check C / C++ code style
[4.264s] -- Configured uncrustify additional arguments: 
[4.271s] -- Added test 'flake8' to check Python code syntax and style conventions
[4.278s] -- Added test 'pep257' to check Python code against some of the docstring style conventions in PEP 257
[4.279s] -- Added test 'copyright' to check source files copyright and LICENSE
[4.292s] -- Added test 'lint_cmake' to check CMake code style
[4.300s] -- Added test 'xmllint' to check XML markup files
[4.336s] -- Configuring done
[4.826s] -- Generating done
[4.869s] -- Build files have been written to: /media/psf/Developer/Robotics/char-01/char_01/build/ros2_pkg
[4.885s] Invoked command in '/media/psf/Developer/Robotics/char-01/char_01/build/ros2_pkg' returned '0': CMAKE_PREFIX_PATH=${CMAKE_PREFIX_PATH}:/opt/ros/humble /usr/bin/cmake /media/psf/Developer/Robotics/char-01/char_01/ros2_pkg -DCMAKE_INSTALL_PREFIX=/media/psf/Developer/Robotics/char-01/char_01/install/ros2_pkg
[4.889s] Invoking command in '/media/psf/Developer/Robotics/char-01/char_01/build/ros2_pkg': CMAKE_PREFIX_PATH=${CMAKE_PREFIX_PATH}:/opt/ros/humble /usr/bin/cmake --build /media/psf/Developer/Robotics/char-01/char_01/build/ros2_pkg -- -j2 -l2
[5.022s] [  1%] [34m[1mGenerating C++ code for ROS interfaces[0m
[5.158s] Traceback (most recent call last):
[5.158s]   File "/opt/ros/humble/share/rosidl_generator_cpp/cmake/../../../lib/rosidl_generator_cpp/rosidl_generator_cpp", line 38, in <module>
[5.159s]     sys.exit(main())
[5.159s]   File "/opt/ros/humble/share/rosidl_generator_cpp/cmake/../../../lib/rosidl_generator_cpp/rosidl_generator_cpp", line 34, in main
[5.159s]     generate_cpp(args.generator_arguments_file)
[5.160s]   File "/opt/ros/humble/local/lib/python3.10/dist-packages/rosidl_generator_cpp/__init__.py", line 38, in generate_cpp
[5.160s]     return generate_files(
[5.160s]   File "/opt/ros/humble/local/lib/python3.10/dist-packages/rosidl_cmake/__init__.py", line 55, in generate_files
[5.160s]     args = read_generator_arguments(generator_arguments_file)
[5.161s]   File "/opt/ros/humble/local/lib/python3.10/dist-packages/rosidl_cmake/__init__.py", line 39, in read_generator_arguments
[5.161s]     return json.load(h)
[5.162s]   File "/usr/lib/python3.10/json/__init__.py", line 293, in load
[5.162s]     return loads(fp.read(),
[5.162s]   File "/usr/lib/python3.10/json/__init__.py", line 346, in loads
[5.162s]     return _default_decoder.decode(s)
[5.164s]   File "/usr/lib/python3.10/json/decoder.py", line 337, in decode
[5.164s]     obj, end = self.raw_decode(s, idx=_w(s, 0).end())
[5.164s]   File "/usr/lib/python3.10/json/decoder.py", line 355, in raw_decode
[5.165s]     raise JSONDecodeError("Expecting value", s, err.value) from None
[5.165s] json.decoder.JSONDecodeError: Expecting value: line 180 column 1 (char 12644)
[5.182s] gmake[2]: *** [CMakeFiles/ros2_pkg__cpp.dir/build.make:195: rosidl_generator_cpp/ros2_pkg/srv/odd_even_check.hpp] Error 1
[5.182s] gmake[1]: *** [CMakeFiles/Makefile2:285: CMakeFiles/ros2_pkg__cpp.dir/all] Error 2
[5.183s] gmake: *** [Makefile:146: all] Error 2
[5.184s] Invoked command in '/media/psf/Developer/Robotics/char-01/char_01/build/ros2_pkg' returned '2': CMAKE_PREFIX_PATH=${CMAKE_PREFIX_PATH}:/opt/ros/humble /usr/bin/cmake --build /media/psf/Developer/Robotics/char-01/char_01/build/ros2_pkg -- -j2 -l2
