[01m[K/media/psf/Developer/Robotics/char-01/ros2_pkg/sensors/lidar_node.cc:5:10:[m[K [01;31m[Kfatal error: [m[Kros/package.h: No such file or directory
    5 | #include [01;31m[K<ros/package.h>[m[K
      |          [01;31m[K^~~~~~~~~~~~~~~[m[K
compilation terminated.
gmake[2]: *** [CMakeFiles/lidar_node.dir/build.make:76: CMakeFiles/lidar_node.dir/sensors/lidar_node.cc.o] Error 1
gmake[1]: *** [CMakeFiles/Makefile2:878: CMakeFiles/lidar_node.dir/all] Error 2
gmake[1]: *** Waiting for unfinished jobs....
gmake: *** [Makefile:146: all] Error 2
