[  1%] Built target ros2_pkg__cpp
[  8%] Built target ros2_pkg__rosidl_generator_c
[ 11%] Built target ament_cmake_python_symlink_ros2_pkg
[ 11%] Built target publisher
[ 14%] Built target subscriber
[ 17%] Built target rpm_pub
[35m[1mConsolidate compiler generated dependencies of target lidar_node[0m
[ 20%] Built target speed_calc
[ 27%] Built target ros2_pkg__rosidl_typesupport_cpp
[ 28%] [32mBuilding CXX object CMakeFiles/lidar_node.dir/sensors/lidar_node.cc.o[0m
[ 36%] Built target ros2_pkg__rosidl_typesupport_fastrtps_c
[ 43%] Built target ros2_pkg__rosidl_typesupport_fastrtps_cpp
[ 50%] Built target ros2_pkg__rosidl_typesupport_introspection_c
[ 57%] Built target ros2_pkg__rosidl_typesupport_c
[ 65%] Built target ros2_pkg__rosidl_typesupport_introspection_cpp
[01m[K/media/psf/Developer/Robotics/char-01/ros2_pkg/sensors/lidar_node.cc:5:10:[m[K [01;31m[Kfatal error: [m[Kros/package.h: No such file or directory
    5 | #include [01;31m[K<ros/package.h>[m[K
      |          [01;31m[K^~~~~~~~~~~~~~~[m[K
compilation terminated.
gmake[2]: *** [CMakeFiles/lidar_node.dir/build.make:76: CMakeFiles/lidar_node.dir/sensors/lidar_node.cc.o] Error 1
gmake[1]: *** [CMakeFiles/Makefile2:878: CMakeFiles/lidar_node.dir/all] Error 2
gmake[1]: *** Waiting for unfinished jobs....
running egg_info
writing ros2_pkg.egg-info/PKG-INFO
writing dependency_links to ros2_pkg.egg-info/dependency_links.txt
writing top-level names to ros2_pkg.egg-info/top_level.txt
reading manifest file 'ros2_pkg.egg-info/SOURCES.txt'
writing manifest file 'ros2_pkg.egg-info/SOURCES.txt'
[ 65%] Built target ament_cmake_python_build_ros2_pkg_egg
gmake: *** [Makefile:146: all] Error 2
