[  1%] Built target ros2_pkg__cpp
[  8%] Built target ros2_pkg__rosidl_generator_c
[  8%] Built target ament_cmake_python_symlink_ros2_pkg
[ 11%] Built target publisher
[ 14%] Built target subscriber
[ 16%] Built target rpm_pub
[ 19%] Built target speed_calc
[ 26%] Built target ros2_pkg__rosidl_typesupport_cpp
[ 33%] Built target ros2_pkg__rosidl_typesupport_fastrtps_c
[ 40%] Built target ros2_pkg__rosidl_typesupport_fastrtps_cpp
[ 47%] Built target ros2_pkg__rosidl_typesupport_introspection_c
[ 54%] Built target ros2_pkg__rosidl_typesupport_c
[ 61%] Built target ros2_pkg__rosidl_typesupport_introspection_cpp
[ 64%] Built target service_server
[ 67%] Built target service_client
running egg_info
writing ros2_pkg.egg-info/PKG-INFO
writing dependency_links to ros2_pkg.egg-info/dependency_links.txt
writing top-level names to ros2_pkg.egg-info/top_level.txt
[ 70%] Built target turn_camera_service
reading manifest file 'ros2_pkg.egg-info/SOURCES.txt'
writing manifest file 'ros2_pkg.egg-info/SOURCES.txt'
[ 70%] Built target ament_cmake_python_build_ros2_pkg_egg
[ 73%] Built target turn_camera_client
[ 76%] Built target action_server
[ 78%] Built target action_client
[35m[1mConsolidate compiler generated dependencies of target lidar_node[0m
[ 80%] [32mBuilding CXX object CMakeFiles/control.dir/src/control.cpp.o[0m
[ 83%] Built target lidar_node
[ 83%] Built target ros2_pkg
[ 84%] Built target ros2_pkg__py
[35m[1mConsolidate compiler generated dependencies of target ros2_pkg__rosidl_generator_py[0m
[01m[K/media/psf/Developer/Robotics/char-01/ros2_pkg/src/control.cpp:6:10:[m[K [01;31m[Kfatal error: [m[Kstd_msgs/String.h: No such file or directory
    6 | #include [01;31m[K<std_msgs/String.h>[m[K
      |          [01;31m[K^~~~~~~~~~~~~~~~~~~[m[K
compilation terminated.
gmake[2]: *** [CMakeFiles/control.dir/build.make:76: CMakeFiles/control.dir/src/control.cpp.o] Error 1
gmake[1]: *** [CMakeFiles/Makefile2:908: CMakeFiles/control.dir/all] Error 2
gmake[1]: *** Waiting for unfinished jobs....
[ 90%] Built target ros2_pkg__rosidl_generator_py
gmake: *** [Makefile:146: all] Error 2
