[01m[K/media/psf/Developer/Robotics/char-01/ros2_pkg/src/control.cpp:12:1:[m[K [01;31m[Kerror: [m[Kâ€˜[01m[Kros[m[Kâ€™ does not name a type
   12 | [01;31m[Kros[m[K::Publisher pub;
      | [01;31m[K^~~[m[K
[01m[K/media/psf/Developer/Robotics/char-01/ros2_pkg/src/control.cpp:15:31:[m[K [01;31m[Kerror: [m[Kâ€˜[01m[KString[m[Kâ€™ in namespace â€˜[01m[Kstd_msgs[m[Kâ€™ does not name a type
   15 | void callback(const std_msgs::[01;31m[KString[m[K::ConstPtr& msg)
      |                               [01;31m[K^~~~~~[m[K
[01m[K/media/psf/Developer/Robotics/char-01/ros2_pkg/src/control.cpp:15:47:[m[K [01;31m[Kerror: [m[Kexpected unqualified-id before â€˜[01m[K&[m[Kâ€™ token
   15 | void callback(const std_msgs::String::ConstPtr[01;31m[K&[m[K msg)
      |                                               [01;31m[K^[m[K
[01m[K/media/psf/Developer/Robotics/char-01/ros2_pkg/src/control.cpp:15:47:[m[K [01;31m[Kerror: [m[Kexpected â€˜[01m[K)[m[Kâ€™ before â€˜[01m[K&[m[Kâ€™ token
   15 | void callback[34m[K([m[Kconst std_msgs::String::ConstPtr[01;31m[K&[m[K msg)
      |              [34m[K~[m[K                                [01;31m[K^[m[K
      |                                               [32m[K)[m[K
[01m[K/media/psf/Developer/Robotics/char-01/ros2_pkg/src/control.cpp:15:49:[m[K [01;31m[Kerror: [m[Kexpected initializer before â€˜[01m[Kmsg[m[Kâ€™
   15 | void callback(const std_msgs::String::ConstPtr& [01;31m[Kmsg[m[K)
      |                                                 [01;31m[K^~~[m[K
[01m[K/media/psf/Developer/Robotics/char-01/ros2_pkg/src/control.cpp:[m[K In function â€˜[01m[Kint main(int, char**)[m[Kâ€™:
[01m[K/media/psf/Developer/Robotics/char-01/ros2_pkg/src/control.cpp:43:5:[m[K [01;31m[Kerror: [m[Kâ€˜[01m[Kros[m[Kâ€™ has not been declared
   43 |     [01;31m[Kros[m[K::init(argc, argv, "control_node");
      |     [01;31m[K^~~[m[K
[01m[K/media/psf/Developer/Robotics/char-01/ros2_pkg/src/control.cpp:46:5:[m[K [01;31m[Kerror: [m[Kâ€˜[01m[Kros[m[Kâ€™ has not been declared
   46 |     [01;31m[Kros[m[K::NodeHandle nh;
      |     [01;31m[K^~~[m[K
[01m[K/media/psf/Developer/Robotics/char-01/ros2_pkg/src/control.cpp:49:5:[m[K [01;31m[Kerror: [m[Kâ€˜[01m[Kpub[m[Kâ€™ was not declared in this scope
   49 |     [01;31m[Kpub[m[K = nh.advertise<geometry_msgs::Twist>("/cmd_vel", 10);
      |     [01;31m[K^~~[m[K
[01m[K/media/psf/Developer/Robotics/char-01/ros2_pkg/src/control.cpp:49:11:[m[K [01;31m[Kerror: [m[Kâ€˜[01m[Knh[m[Kâ€™ was not declared in this scope
   49 |     pub = [01;31m[Knh[m[K.advertise<geometry_msgs::Twist>("/cmd_vel", 10);
      |           [01;31m[K^~[m[K
[01m[K/media/psf/Developer/Robotics/char-01/ros2_pkg/src/control.cpp:49:39:[m[K [01;31m[Kerror: [m[Kâ€˜[01m[KTwist[m[Kâ€™ is not a member of â€˜[01m[Kgeometry_msgs[m[Kâ€™; did you mean â€˜[01m[Kgeometry_msgs::msg::Twist[m[Kâ€™?
   49 |     pub = nh.advertise<geometry_msgs::[01;31m[KTwist[m[K>("/cmd_vel", 10);
      |                                       [01;31m[K^~~~~[m[K
In file included from [01m[K/opt/ros/humble/include/geometry_msgs/geometry_msgs/msg/twist.hpp:7[m[K,
                 from [01m[K/media/psf/Developer/Robotics/char-01/ros2_pkg/src/control.cpp:7[m[K:
[01m[K/opt/ros/humble/include/geometry_msgs/geometry_msgs/msg/detail/twist__struct.hpp:134:7:[m[K [01;36m[Knote: [m[Kâ€˜[01m[Kgeometry_msgs::msg::Twist[m[Kâ€™ declared here
  134 | using [01;36m[KTwist[m[K =
      |       [01;36m[K^~~~~[m[K
[01m[K/media/psf/Developer/Robotics/char-01/ros2_pkg/src/control.cpp:49:46:[m[K [01;35m[Kwarning: [m[Kleft operand of comma operator has no effect [[01;35m[K]8;;https://gcc.gnu.org/onlinedocs/gcc/Warning-Options.html#index-Wunused-value-Wunused-value]8;;[m[K]
   49 |     pub = nh.advertise<geometry_msgs::Twist>([01;35m[K"/cmd_vel"[m[K, 10);
      |                                              [01;35m[K^~~~~~~~~~[m[K
[01m[K/media/psf/Developer/Robotics/char-01/ros2_pkg/src/control.cpp:52:5:[m[K [01;31m[Kerror: [m[Kâ€˜[01m[Kros[m[Kâ€™ has not been declared
   52 |     [01;31m[Kros[m[K::Subscriber sub = nh.subscribe("/prediction", 10, callback);
      |     [01;31m[K^~~[m[K
[01m[K/media/psf/Developer/Robotics/char-01/ros2_pkg/src/control.cpp:55:5:[m[K [01;31m[Kerror: [m[Kâ€˜[01m[Kros[m[Kâ€™ has not been declared
   55 |     [01;31m[Kros[m[K::spin();
      |     [01;31m[K^~~[m[K
gmake[2]: *** [CMakeFiles/control.dir/build.make:76: CMakeFiles/control.dir/src/control.cpp.o] Error 1
gmake[1]: *** [CMakeFiles/Makefile2:908: CMakeFiles/control.dir/all] Error 2
gmake: *** [Makefile:146: all] Error 2
